#bytes,#repetitions,t[usec],Mbytes/sec
0,1000,16.01,0.00
1,1000,16.03,0.06
2,1000,15.96,0.13
4,1000,15.98,0.25
8,1000,15.99,0.50
16,1000,16.02,1.00
32,1000,16.04,1.99
64,1000,16.09,3.98
128,1000,16.65,7.69
256,1000,16.80,15.23
512,1000,16.94,30.22
1024,1000,17.42,58.79
2048,1000,40.30,50.82
4096,1000,41.20,99.42
8192,1000,66.10,123.94
16384,1000,49.03,334.14
32768,1000,98.07,334.14
65536,640,101.53,645.46
131072,320,127.02,1031.92
262144,160,233.96,1120.47
524288,80,328.47,1596.14
1048576,40,516.13,2031.62
2097152,20,896.52,2339.21
4194304,10,1740.93,2409.23
8388608,5,3571.77,2348.58
16777216,2,6986.58,2401.35
33554432,1,13917.08,2411.03
67108864,1,28572.37,2348.73
134217728,1,56063.51,2394.03
268435456,1,112251.60,2391.37
#bytes,#repetitions,t[usec],Mbytes/sec
0,1000,17.66,0.00
1,1000,17.73,0.06
2,1000,17.77,0.11
4,1000,17.67,0.23
8,1000,17.71,0.45
16,1000,17.73,0.90
32,1000,17.74,1.80
64,1000,17.82,3.59
128,1000,18.49,6.92
256,1000,18.69,13.70
512,1000,18.96,27.00
1024,1000,19.45,52.64
2048,1000,41.88,48.90
4096,1000,42.84,95.61
8192,1000,72.99,112.23
16384,1000,51.82,316.17
32768,1000,103.17,317.60
65536,640,110.30,594.16
131072,320,142.71,918.45
262144,160,258.39,1014.54
524288,80,358.84,1461.07
1048576,40,551.42,1901.60
2097152,20,970.56,2160.77
4194304,10,1965.16,2134.33
8388608,5,4177.98,2007.81
16777216,2,8187.42,2049.15
33554432,1,16365.87,2050.27
67108864,1,32264.29,2079.97
134217728,1,64548.44,2079.33
268435456,1,128626.05,2086.94
#bytes,#repetitions,t[usec],Mbytes/sec
0,1000,16.34,0.00
1,1000,16.33,0.06
2,1000,16.40,0.12
4,1000,16.40,0.24
8,1000,16.40,0.49
16,1000,16.38,0.98
32,1000,16.45,1.95
64,1000,16.52,3.87
128,1000,17.06,7.50
256,1000,17.19,14.89
512,1000,17.50,29.26
1024,1000,17.93,57.11
2048,1000,41.05,49.90
4096,1000,41.49,98.72
8192,1000,67.66,121.08
16384,1000,49.05,334.05
32768,1000,98.87,331.43
65536,640,102.95,636.57
131072,320,129.31,1013.65
262144,160,238.47,1099.27
524288,80,331.87,1579.80
1048576,40,518.63,2021.83
2097152,20,908.43,2308.54
4194304,10,1765.79,2375.31
8388608,5,3637.94,2305.87
16777216,2,7107.40,2360.53
33554432,1,14041.77,2389.62
67108864,1,27992.00,2397.43
134217728,1,55650.45,2411.80
268435456,1,111167.54,2414.69
#bytes,#repetitions,t[usec],Mbytes/sec
0,1000,14.16,0.00
1,1000,14.14,0.07
2,1000,14.17,0.14
4,1000,14.19,0.28
8,1000,14.19,0.56
16,1000,14.17,1.13
32,1000,14.20,2.25
64,1000,14.28,4.48
128,1000,14.67,8.72
256,1000,14.75,17.36
512,1000,14.90,34.36
1024,1000,15.39,66.53
2048,1000,38.69,52.94
4096,1000,38.49,106.41
8192,1000,61.61,132.96
16384,1000,49.01,334.28
32768,1000,98.01,334.32
65536,640,98.05,668.38
131072,320,115.41,1135.66
262144,160,214.05,1224.70
524288,80,295.79,1772.48
1048576,9,477.51,2195.91
2097152,9,842.58,2488.98
4194304,9,1547.74,2709.96
8388608,5,2985.54,2809.74
16777216,2,5849.52,2868.14
33554432,1,11585.59,2896.22
67108864,1,23148.09,2899.11
134217728,1,46970.63,2857.48
268435456,1,95069.88,2823.56
#bytes,#repetitions,t[usec],Mbytes/sec
0,1000,14.39,0.00
1,1000,14.38,0.07
2,1000,14.40,0.14
4,1000,14.39,0.28
8,1000,14.39,0.56
16,1000,14.40,1.11
32,1000,14.43,2.22
64,1000,14.50,4.42
128,1000,14.86,8.61
256,1000,14.97,17.10
512,1000,15.15,33.80
1024,1000,15.59,65.67
2048,1000,38.17,53.66
4096,1000,38.55,106.25
8192,1000,63.41,129.19
16384,1000,48.99,334.46
32768,1000,98.03,334.27
65536,640,100.12,654.57
131072,320,119.46,1097.24
262144,160,214.68,1221.12
524288,80,296.98,1765.42
1048576,40,479.22,2188.08
2097152,20,842.49,2489.24
4194304,10,1549.39,2707.06
8388608,5,2986.58,2808.76
16777216,2,5851.79,2867.02
33554432,1,11591.26,2894.81
67108864,1,23407.45,2866.99
134217728,1,46953.10,2858.55
268435456,1,94109.62,2852.37
#bytes,#repetitions,t[usec],Mbytes/sec
0,1000,14.48,0.00
1,1000,14.49,0.07
2,1000,14.50,0.14
4,1000,14.49,0.28
8,1000,14.57,0.55
16,1000,14.50,1.10
32,1000,14.52,2.20
64,1000,14.61,4.38
128,1000,15.00,8.54
256,1000,15.12,16.93
512,1000,15.23,33.61
1024,1000,15.68,65.31
2048,1000,38.24,53.56
4096,1000,39.16,104.60
8192,1000,62.77,130.51
16384,1000,48.98,334.52
32768,1000,98.04,334.25
65536,640,98.11,668.01
131072,320,116.78,1122.34
262144,160,214.98,1219.37
524288,80,296.40,1768.87
1048576,40,478.38,2191.95
2097152,20,842.04,2490.56
4194304,10,1546.35,2712.39
8388608,5,2993.76,2802.03
16777216,2,5851.67,2867.08
33554432,1,11565.78,2901.18
67108864,1,23372.17,2871.31
134217728,1,46896.53,2862.00
268435456,1,93668.03,2865.82
#bytes,#repetitions,t[usec],Mbytes/sec
0,1000,17.55,0.00
1,1000,17.62,0.06
2,1000,17.58,0.11
4,1000,17.60,0.23
8,1000,17.60,0.45
16,1000,17.59,0.91
32,1000,17.56,1.82
64,1000,17.66,3.62
128,1000,18.36,6.97
256,1000,18.56,13.79
512,1000,18.75,27.31
1024,1000,19.22,53.29
2048,1000,41.96,48.81
4096,1000,42.70,95.93
8192,1000,71.15,115.13
16384,1000,51.89,315.72
32768,1000,102.07,321.04
65536,640,110.74,591.79
131072,320,142.58,919.31
262144,160,257.31,1018.79
524288,80,358.23,1463.54
1048576,40,555.18,1888.72
2097152,20,967.16,2168.37
4194304,10,1951.01,2149.82
8388608,5,4124.94,2033.63
16777216,2,8083.78,2075.42
33554432,1,16065.28,2088.63
67108864,1,31931.90,2101.62
134217728,1,63793.12,2103.95
268435456,1,127777.12,2100.81
#bytes,#repetitions,t[usec],Mbytes/sec
0,1000,16.21,0.00
1,1000,16.19,0.06
2,1000,16.23,0.12
4,1000,16.23,0.25
8,1000,16.24,0.49
16,1000,16.21,0.99
32,1000,16.21,1.97
64,1000,16.32,3.92
128,1000,16.84,7.60
256,1000,17.02,15.04
512,1000,17.10,29.95
1024,1000,17.51,58.48
2048,1000,40.46,50.62
4096,1000,41.26,99.27
8192,1000,66.94,122.37
16384,1000,49.04,334.13
32768,1000,98.13,333.92
65536,640,102.15,641.55
131072,320,127.22,1030.31
262144,160,234.54,1117.69
524288,80,328.41,1596.44
1048576,40,514.70,2037.24
2097152,20,898.39,2334.35
4194304,10,1757.97,2385.88
8388608,5,3581.85,2341.98
16777216,2,6982.31,2402.82
33554432,1,13996.06,2397.42
67108864,1,28036.65,2393.61
134217728,1,56655.18,2369.03
268435456,1,112444.44,2387.27
#bytes,#repetitions,t[usec],Mbytes/sec
0,1000,14.73,0.00
1,1000,14.73,0.07
2,1000,14.74,0.14
4,1000,14.72,0.27
8,1000,14.71,0.54
16,1000,14.72,1.09
32,1000,14.76,2.17
64,1000,14.86,4.31
128,1000,15.26,8.39
256,1000,15.40,16.62
512,1000,15.56,32.91
1024,1000,16.00,64.01
2048,1000,38.24,53.56
4096,1000,39.22,104.44
8192,1000,65.71,124.68
16384,1000,49.03,334.14
32768,1000,98.03,334.28
65536,640,98.69,664.03
131072,320,136.57,959.74
262144,160,216.23,1212.32
524288,80,297.88,1760.07
1048576,40,479.44,2187.07
2097152,20,843.98,2484.84
4194304,10,1554.65,2697.91
8388608,5,2995.51,2800.39
16777216,2,5853.85,2866.01
33554432,1,11584.60,2896.47
67108864,1,23741.82,2826.61
134217728,1,48018.31,2795.14
268435456,1,95558.92,2809.11
#bytes,#repetitions,t[usec],Mbytes/sec
0,1000,16.56,0.00
1,1000,16.56,0.06
2,1000,16.57,0.12
4,1000,16.60,0.24
8,1000,16.60,0.48
16,1000,16.62,0.96
32,1000,16.61,1.93
64,1000,16.67,3.84
128,1000,17.16,7.46
256,1000,17.33,14.77
512,1000,17.60,29.10
1024,1000,18.00,56.88
2048,1000,40.41,50.68
4096,1000,40.71,100.61
8192,1000,72.71,112.67
16384,1000,49.03,334.14
32768,1000,99.86,328.15
65536,640,102.97,636.44
131072,320,146.89,892.33
262144,160,232.80,1126.06
524288,80,328.59,1595.55
1048576,40,514.02,2039.96
2097152,20,895.93,2340.75
4194304,10,1707.67,2456.16
8388608,5,3487.28,2405.49
16777216,2,6785.57,2472.48
33554432,1,13447.88,2495.15
67108864,1,27417.47,2447.67
134217728,1,55052.36,2438.00
268435456,1,109870.69,2443.19
