#bytes,#repetitions,t[usec],Mbytes/sec
0,1000,1.05,0.00
1,1000,1.05,0.96
2,1000,1.06,1.88
4,1000,1.06,3.78
8,1000,1.05,7.62
16,1000,1.05,15.21
32,1000,1.06,30.09
64,1000,1.18,54.46
128,1000,1.24,103.47
256,1000,1.47,174.24
512,1000,1.54,331.66
1024,1000,1.69,606.64
2048,1000,2.27,900.62
4096,1000,2.98,1375.05
8192,1000,3.91,2092.71
16384,1000,5.63,2912.13
32768,1000,9.15,3581.95
65536,640,12.24,5353.50
131072,320,21.70,6039.99
262144,160,32.17,8147.72
524288,80,54.39,9639.21
1048576,40,96.69,10844.74
2097152,20,181.18,11574.66
4194304,10,351.82,11921.84
8388608,5,695.60,12059.58
16777216,2,1380.02,12157.23
33554432,1,2759.20,12160.91
67108864,1,5486.62,12231.36
134217728,1,11002.98,12198.30
268435456,1,21967.61,12219.60
#bytes,#repetitions,t[usec],Mbytes/sec
0,1000,1.21,0.00
1,1000,1.22,0.82
2,1000,1.22,1.64
4,1000,1.21,3.30
8,1000,1.22,6.58
16,1000,1.22,13.16
32,1000,1.24,25.76
64,1000,1.48,43.13
128,1000,1.54,83.17
256,1000,1.81,141.61
512,1000,1.89,270.80
1024,1000,2.10,488.40
2048,1000,2.84,721.98
4096,1000,3.63,1129.26
8192,1000,4.66,1758.10
16384,1000,6.40,2561.50
32768,1000,9.81,3339.87
65536,640,13.02,5033.47
131072,320,22.30,5876.74
262144,160,32.99,7945.53
524288,80,54.27,9661.26
1048576,40,98.57,10637.98
2097152,20,183.21,11446.71
4194304,10,355.40,11801.72
8388608,5,698.96,12001.64
16777216,2,1386.84,12097.42
33554432,1,2750.85,12197.86
67108864,1,5498.83,12204.22
134217728,1,10991.79,12210.72
268435456,1,21846.92,12287.11
#bytes,#repetitions,t[usec],Mbytes/sec
0,1000,1.06,0.00
1,1000,1.04,0.96
2,1000,1.06,1.89
4,1000,1.05,3.80
8,1000,1.05,7.65
16,1000,1.05,15.22
32,1000,1.06,30.06
64,1000,1.18,54.32
128,1000,1.23,103.94
256,1000,1.46,174.97
512,1000,1.54,332.26
1024,1000,1.68,607.95
2048,1000,2.26,904.69
4096,1000,3.01,1360.79
8192,1000,3.97,2063.32
16384,1000,5.68,2882.94
32768,1000,9.47,3460.32
65536,640,12.53,5230.05
131072,320,21.33,6144.89
262144,160,32.40,8090.34
524288,80,57.99,9041.06
1048576,40,97.62,10740.95
2097152,20,181.70,11541.73
4194304,10,352.15,11910.72
8388608,5,693.47,12096.55
16777216,2,1379.21,12164.35
33554432,1,2742.48,12235.07
67108864,1,5503.26,12194.38
134217728,1,10970.83,12234.05
268435456,1,21988.32,12208.09
#bytes,#repetitions,t[usec],Mbytes/sec
0,1000,1.12,0.00
1,1000,1.13,0.89
2,1000,1.12,1.79
4,1000,1.11,3.59
8,1000,1.11,7.19
16,1000,1.11,14.36
32,1000,1.13,28.28
64,1000,1.31,48.87
128,1000,1.38,93.06
256,1000,1.63,157.51
512,1000,1.70,301.06
1024,1000,1.88,545.92
2048,1000,2.56,799.50
4096,1000,3.40,1205.80
8192,1000,4.31,1898.58
16384,1000,6.02,2719.46
32768,1000,9.65,3393.90
65536,640,12.35,5305.76
131072,320,21.90,5985.95
262144,160,32.05,8177.96
524288,80,57.99,9041.21
1048576,40,98.56,10638.74
2097152,20,181.95,11525.86
4194304,10,354.81,11821.30
8388608,5,695.80,12056.10
16777216,2,1379.23,12164.19
33554432,1,2756.15,12174.40
67108864,1,5492.24,12218.86
134217728,1,11007.54,12193.25
268435456,1,21996.85,12203.36
#bytes,#repetitions,t[usec],Mbytes/sec
0,1000,1.11,0.00
1,1000,1.11,0.90
2,1000,1.11,1.80
4,1000,1.11,3.60
8,1000,1.11,7.20
16,1000,1.12,14.34
32,1000,1.13,28.29
64,1000,1.32,48.61
128,1000,1.37,93.21
256,1000,2.62,97.78
512,1000,1.70,301.80
1024,1000,1.86,549.15
2048,1000,2.54,805.21
4096,1000,3.31,1237.12
8192,1000,4.17,1965.40
16384,1000,5.91,2771.15
32768,1000,9.62,3407.24
65536,640,12.59,5205.10
131072,320,21.46,6108.97
262144,160,32.33,8109.44
524288,80,54.79,9569.16
1048576,40,96.76,10836.68
2097152,20,182.69,11479.12
4194304,10,353.77,11855.93
8388608,5,695.58,12059.90
16777216,2,1379.41,12162.59
33554432,1,2748.09,12210.08
67108864,1,5511.79,12175.51
134217728,1,10957.62,12248.80
268435456,1,21999.07,12202.13
#bytes,#repetitions,t[usec],Mbytes/sec
0,1000,1.07,0.00
1,1000,1.06,0.94
2,1000,1.07,1.87
4,1000,1.07,3.75
8,1000,1.06,7.55
16,1000,1.06,15.06
32,1000,1.08,29.68
64,1000,1.19,53.94
128,1000,1.23,104.05
256,1000,1.47,174.63
512,1000,1.54,332.50
1024,1000,1.68,607.84
2048,1000,2.31,885.53
4096,1000,2.99,1370.91
8192,1000,3.91,2092.61
16384,1000,5.61,2919.01
32768,1000,9.13,3590.85
65536,640,12.27,5340.01
131072,320,21.84,6000.95
262144,160,32.74,8007.88
524288,80,54.52,9615.70
1048576,40,96.56,10859.27
2097152,20,182.66,11481.21
4194304,10,351.12,11945.36
8388608,5,690.32,12151.80
16777216,2,1373.47,12215.16
33554432,1,2758.14,12165.61
67108864,1,5502.89,12195.19
134217728,1,10984.36,12218.98
268435456,1,21937.12,12236.58
#bytes,#repetitions,t[usec],Mbytes/sec
0,1000,1.11,0.00
1,1000,1.11,0.90
2,1000,1.11,1.80
4,1000,1.11,3.60
8,1000,1.11,7.21
16,1000,1.11,14.38
32,1000,1.14,28.17
64,1000,1.31,48.76
128,1000,1.38,92.77
256,1000,1.63,157.28
512,1000,1.71,299.84
1024,1000,1.86,550.35
2048,1000,2.53,809.30
4096,1000,3.28,1249.57
8192,1000,4.31,1902.81
16384,1000,6.02,2719.55
32768,1000,9.67,3386.90
65536,640,12.47,5255.27
131072,320,21.68,6045.59
262144,160,32.61,8038.09
524288,80,54.17,9679.20
1048576,40,96.31,10887.62
2097152,20,185.54,11302.76
4194304,10,351.90,11919.15
8388608,5,695.76,12056.75
16777216,2,1372.70,12222.04
33554432,1,2748.19,12209.65
67108864,1,5490.15,12223.50
134217728,1,10998.15,12203.67
268435456,1,21929.58,12240.79
#bytes,#repetitions,t[usec],Mbytes/sec
0,1000,1.04,0.00
1,1000,1.05,0.96
2,1000,1.06,1.89
4,1000,1.06,3.78
8,1000,1.04,7.67
16,1000,1.05,15.29
32,1000,1.06,30.09
64,1000,1.19,53.88
128,1000,1.24,103.41
256,1000,1.47,173.81
512,1000,1.55,331.33
1024,1000,1.68,608.12
2048,1000,2.30,889.94
4096,1000,3.07,1334.88
8192,1000,3.98,2057.79
16384,1000,5.61,2920.39
32768,1000,9.36,3501.29
65536,640,12.58,5210.94
131072,320,21.68,6045.06
262144,160,32.45,8079.16
524288,80,54.53,9613.83
1048576,40,96.69,10844.68
2097152,20,181.84,11533.24
4194304,10,352.03,11914.78
8388608,5,693.88,12089.36
16777216,2,1378.06,12174.55
33554432,1,2761.12,12152.47
67108864,1,5471.60,12264.94
134217728,1,11020.72,12178.68
268435456,1,21986.05,12209.35
#bytes,#repetitions,t[usec],Mbytes/sec
0,1000,1.11,0.00
1,1000,1.11,0.90
2,1000,1.12,1.79
4,1000,1.12,3.59
8,1000,1.11,7.22
16,1000,1.12,14.34
32,1000,1.13,28.28
64,1000,1.31,48.98
128,1000,1.37,93.10
256,1000,1.62,157.95
512,1000,1.71,299.89
1024,1000,1.87,547.10
2048,1000,2.58,794.15
4096,1000,3.32,1235.26
8192,1000,4.33,1893.07
16384,1000,6.09,2691.93
32768,1000,9.68,3384.78
65536,640,12.62,5192.34
131072,320,21.89,5988.84
262144,160,32.26,8127.19
524288,80,54.18,9677.03
1048576,40,97.48,10756.77
2097152,20,182.10,11516.77
4194304,10,353.67,11859.29
8388608,5,695.16,12067.24
16777216,2,1381.28,12146.11
33554432,1,2762.96,12144.38
67108864,1,5486.71,12231.17
134217728,1,10979.86,12224.00
268435456,1,21929.70,12240.73
#bytes,#repetitions,t[usec],Mbytes/sec
0,1000,1.13,0.00
1,1000,1.13,0.89
2,1000,1.13,1.77
4,1000,1.13,3.55
8,1000,1.12,7.12
16,1000,1.13,14.16
32,1000,1.15,27.85
64,1000,1.33,48.20
128,1000,1.38,92.58
256,1000,1.63,157.04
512,1000,1.71,299.33
1024,1000,1.89,541.38
2048,1000,2.57,795.75
4096,1000,3.35,1221.42
8192,1000,4.25,1929.58
16384,1000,6.01,2727.83
32768,1000,9.85,3326.28
65536,640,12.44,5268.78
131072,320,21.84,6002.32
262144,160,32.68,8020.98
524288,80,57.99,9041.34
1048576,40,96.74,10838.59
2097152,20,181.84,11533.26
4194304,10,352.08,11912.78
8388608,5,691.96,12122.96
16777216,2,1373.97,12210.73
33554432,1,2759.47,12159.72
67108864,1,5515.74,12166.79
134217728,1,11000.15,12201.44
268435456,1,21994.13,12204.87