#bytes,#repetitions,t[usec],Mbytes/sec
0,1000,0.99,0.00
1,1000,1.00,1.00
2,1000,1.01,1.98
4,1000,1.00,3.98
8,1000,1.00,8.00
16,1000,1.00,15.98
32,1000,1.01,31.58
64,1000,1.15,55.87
128,1000,1.20,106.81
256,1000,1.43,179.17
512,1000,1.50,341.74
1024,1000,1.66,618.73
2048,1000,2.32,882.82
4096,1000,3.19,1285.79
8192,1000,4.47,1834.30
16384,1000,6.25,2620.87
32768,1000,8.38,3909.34
65536,640,12.23,5359.32
131072,320,18.40,7124.28
262144,160,32.01,8189.68
524288,80,54.30,9656.01
1048576,40,96.98,10812.39
2097152,20,186.02,11273.57
4194304,10,352.27,11906.57
8388608,5,694.63,12076.41
16777216,2,1380.67,12151.49
33554432,1,2755.98,12175.14
67108864,1,5522.45,12152.00
134217728,1,11014.23,12185.84
268435456,1,22067.69,12164.18
#bytes,#repetitions,t[usec],Mbytes/sec
0,1000,0.99,0.00
1,1000,0.99,1.01
2,1000,1.01,1.98
4,1000,1.01,3.98
8,1000,1.00,8.04
16,1000,1.00,16.04
32,1000,1.01,31.67
64,1000,1.15,55.86
128,1000,1.19,107.39
256,1000,1.42,180.69
512,1000,1.49,343.47
1024,1000,1.66,618.32
2048,1000,2.32,882.58
4096,1000,3.19,1284.59
8192,1000,4.46,1835.83
16384,1000,6.26,2617.78
32768,1000,8.38,3909.48
65536,640,12.23,5359.65
131072,320,18.43,7113.47
262144,160,31.91,8214.08
524288,80,55.64,9422.85
1048576,40,97.94,10706.01
2097152,20,182.10,11516.29
4194304,10,352.84,11887.23
8388608,5,692.11,12120.34
16777216,2,1383.42,12127.35
33554432,1,2760.21,12156.46
67108864,1,5522.30,12152.35
134217728,1,11008.63,12192.05
268435456,1,22063.64,12166.42
#bytes,#repetitions,t[usec],Mbytes/sec
0,1000,1.00,0.00
1,1000,1.00,1.00
2,1000,1.00,1.99
4,1000,1.01,3.95
8,1000,1.00,8.02
16,1000,1.00,15.95
32,1000,1.02,31.53
64,1000,1.15,55.82
128,1000,1.20,106.92
256,1000,1.43,179.02
512,1000,1.50,340.96
1024,1000,1.65,619.01
2048,1000,2.32,881.57
4096,1000,3.19,1282.90
8192,1000,4.46,1837.72
16384,1000,6.25,2623.04
32768,1000,8.40,3902.83
65536,640,12.25,5350.33
131072,320,18.40,7124.09
262144,160,32.08,8170.32
524288,80,53.88,9730.50
1048576,40,96.88,10823.02
2097152,20,182.17,11512.30
4194304,10,352.79,11888.93
8388608,5,691.64,12128.65
16777216,2,1382.50,12135.38
33554432,1,2758.85,12162.46
67108864,1,5521.33,12154.48
134217728,1,11014.43,12185.63
268435456,1,22061.63,12167.53
#bytes,#repetitions,t[usec],Mbytes/sec
0,1000,0.99,0.00
1,1000,0.99,1.01
2,1000,1.00,2.00
4,1000,1.01,3.97
8,1000,1.00,8.04
16,1000,1.00,15.99
32,1000,1.01,31.62
64,1000,1.15,55.77
128,1000,1.20,106.88
256,1000,1.42,180.17
512,1000,1.49,343.06
1024,1000,1.64,622.74
2048,1000,2.32,882.09
4096,1000,3.18,1286.61
8192,1000,4.47,1834.64
16384,1000,6.24,2624.27
32768,1000,8.40,3900.04
65536,640,12.23,5357.01
131072,320,18.40,7124.76
262144,160,31.95,8204.01
524288,80,54.29,9657.61
1048576,40,96.89,10821.98
2097152,20,186.01,11274.47
4194304,10,351.86,11920.37
8388608,5,692.18,12119.18
16777216,2,1381.43,12144.80
33554432,1,2762.26,12147.45
67108864,1,5519.05,12159.49
134217728,1,11019.80,12179.68
268435456,1,22059.36,12168.78
#bytes,#repetitions,t[usec],Mbytes/sec
0,1000,0.99,0.00
1,1000,1.00,1.00
2,1000,1.01,1.98
4,1000,1.01,3.97
8,1000,1.00,7.98
16,1000,1.00,15.96
32,1000,1.02,31.53
64,1000,1.17,54.92
128,1000,1.20,106.33
256,1000,1.42,179.74
512,1000,1.49,342.63
1024,1000,1.65,618.90
2048,1000,2.33,880.71
4096,1000,3.19,1285.90
8192,1000,4.47,1833.65
16384,1000,6.25,2621.86
32768,1000,8.41,3897.99
65536,640,12.25,5347.97
131072,320,18.41,7119.49
262144,160,32.06,8176.03
524288,80,56.97,9202.43
1048576,40,98.24,10673.81
2097152,20,182.39,11497.98
4194304,10,353.41,11868.12
8388608,5,692.28,12117.36
16777216,2,1381.75,12142.05
33554432,1,2761.21,12152.05
67108864,1,5522.19,12152.59
134217728,1,11010.54,12189.94
268435456,1,22065.55,12165.36
#bytes,#repetitions,t[usec],Mbytes/sec
0,1000,0.99,0.00
1,1000,1.00,1.00
2,1000,1.01,1.99
4,1000,1.00,4.00
8,1000,1.00,8.03
16,1000,1.00,16.03
32,1000,1.01,31.56
64,1000,1.15,55.84
128,1000,1.20,106.76
256,1000,1.43,179.58
512,1000,1.50,342.00
1024,1000,1.65,621.70
2048,1000,2.31,884.71
4096,1000,3.19,1285.14
8192,1000,4.46,1838.03
16384,1000,6.25,2622.11
32768,1000,8.41,3897.26
65536,640,12.24,5353.00
131072,320,18.40,7124.19
262144,160,32.04,8181.13
524288,80,54.27,9660.44
1048576,40,98.08,10690.96
2097152,20,182.11,11515.79
4194304,10,352.96,11883.13
8388608,5,691.54,12130.28
16777216,2,1381.92,12140.47
33554432,1,2757.26,12169.47
67108864,1,5518.26,12161.24
134217728,1,11017.54,12182.19
268435456,1,22055.61,12170.85
#bytes,#repetitions,t[usec],Mbytes/sec
0,1000,0.99,0.00
1,1000,1.00,1.00
2,1000,1.00,1.99
4,1000,1.00,3.98
8,1000,0.99,8.04
16,1000,1.00,15.98
32,1000,1.01,31.54
64,1000,1.14,55.93
128,1000,1.20,106.83
256,1000,1.42,180.02
512,1000,1.50,342.05
1024,1000,1.66,617.99
2048,1000,2.32,883.14
4096,1000,3.20,1281.17
8192,1000,4.46,1836.17
16384,1000,6.25,2622.25
32768,1000,8.41,3896.06
65536,640,12.24,5354.25
131072,320,18.40,7124.56
262144,160,32.01,8188.81
524288,80,54.39,9640.26
1048576,40,96.94,10816.63
2097152,20,186.02,11273.67
4194304,10,352.42,11901.55
8388608,5,692.32,12116.61
16777216,2,1380.74,12150.91
33554432,1,2752.87,12188.87
67108864,1,5524.18,12148.20
134217728,1,11019.24,12180.31
268435456,1,22045.27,12176.56
#bytes,#repetitions,t[usec],Mbytes/sec
0,1000,1.00,0.00
1,1000,1.00,1.00
2,1000,1.00,1.99
4,1000,1.01,3.97
8,1000,1.00,8.03
16,1000,1.00,16.06
32,1000,1.02,31.47
64,1000,1.15,55.77
128,1000,1.19,107.37
256,1000,2.47,103.66
512,1000,1.50,342.31
1024,1000,1.65,620.22
2048,1000,2.33,877.82
4096,1000,3.20,1278.74
8192,1000,4.47,1833.65
16384,1000,6.25,2620.23
32768,1000,8.42,3892.53
65536,640,12.25,5351.94
131072,320,18.40,7123.54
262144,160,31.94,8206.11
524288,80,56.82,9226.85
1048576,40,99.49,10539.79
2097152,20,182.19,11510.60
4194304,10,352.67,11893.17
8388608,5,692.20,12118.72
16777216,2,1381.37,12145.33
33554432,1,2763.22,12143.25
67108864,1,5514.99,12168.45
134217728,1,11008.31,12192.40
268435456,1,22074.73,12160.31
#bytes,#repetitions,t[usec],Mbytes/sec
0,1000,0.99,0.00
1,1000,1.00,1.00
2,1000,1.00,1.99
4,1000,1.01,3.97
8,1000,1.00,8.02
16,1000,1.00,16.02
32,1000,1.02,31.51
64,1000,1.15,55.81
128,1000,1.20,106.88
256,1000,1.43,179.22
512,1000,1.50,340.82
1024,1000,1.66,618.10
2048,1000,2.33,880.61
4096,1000,3.19,1284.54
8192,1000,4.47,1833.96
16384,1000,6.25,2621.29
32768,1000,8.42,3892.78
65536,640,12.26,5347.53
131072,320,18.40,7123.00
262144,160,31.92,8212.82
524288,80,54.29,9656.36
1048576,40,97.58,10746.11
2097152,20,182.46,11493.91
4194304,10,352.68,11892.68
8388608,5,692.26,12117.67
16777216,2,1380.29,12154.88
33554432,1,2760.57,12154.89
67108864,1,5517.77,12162.32
134217728,1,11023.54,12175.55
268435456,1,22076.65,12159.25
#bytes,#repetitions,t[usec],Mbytes/sec
0,1000,0.99,0.00
1,1000,0.99,1.01
2,1000,1.01,1.99
4,1000,1.01,3.96
8,1000,1.00,8.03
16,1000,1.00,16.01
32,1000,1.01,31.61
64,1000,1.14,55.92
128,1000,1.19,107.23
256,1000,1.43,179.25
512,1000,1.49,342.99
1024,1000,1.65,620.87
2048,1000,2.32,882.79
4096,1000,3.20,1281.04
8192,1000,4.46,1835.70
16384,1000,6.25,2619.96
32768,1000,8.42,3893.61
65536,640,12.27,5341.87
131072,320,18.44,7106.69
262144,160,31.98,8196.69
524288,80,54.29,9656.73
1048576,40,97.09,10800.42
2097152,20,186.03,11272.90
4194304,10,352.13,11911.20
8388608,5,694.10,12085.59
16777216,2,1382.78,12132.93
33554432,1,2754.64,12181.07
67108864,1,5519.21,12159.13
134217728,1,11010.69,12189.77
268435456,1,22065.17,12165.57
