#bytes,#repetitions,t[usec],Mbytes/sec
0,1000,0.28,0.00
1,1000,0.32,3.15
2,1000,0.32,6.33
4,1000,0.31,12.78
8,1000,0.32,25.21
16,1000,0.33,48.02
32,1000,0.32,99.40
64,1000,0.35,184.91
128,1000,0.39,324.71
256,1000,0.44,585.35
512,1000,0.72,710.70
1024,1000,0.80,1281.23
2048,1000,0.93,2193.55
4096,1000,1.81,2268.21
8192,1000,2.15,3818.81
16384,1000,2.71,6035.95
32768,1000,3.69,8879.66
65536,640,5.67,11567.55
131072,320,9.36,13997.15
262144,160,17.03,15391.24
524288,80,38.30,13690.58
1048576,40,99.37,10552.07
2097152,20,237.53,8828.86
4194304,10,564.50,7430.17
8388608,5,1948.45,4305.27
16777216,2,3903.15,4298.38
33554432,1,8131.13,4126.66
67108864,1,16167.32,4150.90
134217728,1,31918.32,4205.04
268435456,1,62774.68,4276.17
#bytes,#repetitions,t[usec],Mbytes/sec
0,1000,0.29,0.00
1,1000,0.32,3.14
2,1000,0.32,6.21
4,1000,0.32,12.68
8,1000,0.32,25.15
16,1000,0.33,49.03
32,1000,0.32,98.81
64,1000,0.35,180.72
128,1000,0.40,323.95
256,1000,0.46,553.41
512,1000,0.70,730.62
1024,1000,0.81,1264.72
2048,1000,0.92,2218.32
4096,1000,1.89,2165.58
8192,1000,2.10,3904.85
16384,1000,2.79,5866.18
32768,1000,3.56,9204.98
65536,640,5.82,11262.05
131072,320,9.57,13697.46
262144,160,16.94,15474.80
524288,80,37.53,13968.26
1048576,40,97.62,10741.12
2097152,20,239.97,8739.22
4194304,10,550.36,7621.03
8388608,5,1674.73,5008.93
16777216,2,4011.52,4182.26
33554432,1,8163.28,4110.41
67108864,1,16267.67,4125.29
134217728,1,32091.75,4182.31
268435456,1,62899.49,4267.69
#bytes,#repetitions,t[usec],Mbytes/sec
0,1000,0.30,0.00
1,1000,0.32,3.16
2,1000,0.31,6.36
4,1000,0.32,12.55
8,1000,0.32,25.26
16,1000,0.32,49.48
32,1000,0.33,97.73
64,1000,0.35,184.01
128,1000,0.39,327.15
256,1000,0.46,551.41
512,1000,0.72,710.41
1024,1000,0.79,1301.44
2048,1000,0.92,2235.82
4096,1000,1.84,2229.00
8192,1000,2.13,3841.63
16384,1000,2.69,6101.79
32768,1000,3.65,8967.53
65536,640,5.75,11392.19
131072,320,9.45,13867.34
262144,160,16.90,15510.11
524288,80,36.90,14207.43
1048576,40,98.39,10657.03
2097152,20,243.14,8625.23
4194304,10,560.66,7481.02
8388608,5,1671.22,5019.44
16777216,2,3906.59,4294.60
33554432,1,8250.16,4067.12
67108864,1,16233.04,4134.09
134217728,1,31990.32,4195.57
268435456,1,62955.91,4263.86
#bytes,#repetitions,t[usec],Mbytes/sec
0,1000,0.30,0.00
1,1000,0.31,3.20
2,1000,0.31,6.48
4,1000,0.31,12.72
8,1000,0.31,25.60
16,1000,0.32,50.23
32,1000,0.32,99.57
64,1000,0.34,186.84
128,1000,0.39,326.21
256,1000,0.47,544.54
512,1000,0.71,721.35
1024,1000,0.81,1264.56
2048,1000,0.93,2198.92
4096,1000,1.87,2184.54
8192,1000,2.09,3916.26
16384,1000,2.71,6055.91
32768,1000,3.70,8846.23
65536,640,5.63,11633.86
131072,320,9.43,13905.25
262144,160,17.42,15052.04
524288,80,38.04,13781.74
1048576,40,102.62,10217.69
2097152,20,250.49,8372.10
4194304,10,607.18,6907.90
8388608,5,1806.37,4643.90
16777216,2,4118.62,4073.50
33554432,1,8849.62,3791.62
67108864,1,17149.67,3913.13
134217728,1,33560.08,3999.33
268435456,1,65927.50,4071.68
#bytes,#repetitions,t[usec],Mbytes/sec
0,1000,0.29,0.00
1,1000,0.31,3.18
2,1000,0.31,6.41
4,1000,0.31,12.71
8,1000,0.31,25.53
16,1000,0.32,50.22
32,1000,0.32,99.72
64,1000,0.35,185.50
128,1000,0.40,320.74
256,1000,0.47,547.26
512,1000,0.71,718.84
1024,1000,0.79,1290.62
2048,1000,0.93,2212.01
4096,1000,1.78,2303.13
8192,1000,2.23,3676.50
16384,1000,2.65,6191.47
32768,1000,3.79,8637.70
65536,640,5.59,11725.48
131072,320,9.42,13909.08
262144,160,17.26,15186.03
524288,80,37.34,14040.71
1048576,40,99.74,10513.57
2097152,20,243.47,8613.64
4194304,10,573.95,7307.78
8388608,5,1700.62,4932.68
16777216,2,3940.33,4257.82
33554432,1,8361.65,4012.90
67108864,1,16476.36,4073.04
134217728,1,32293.57,4156.18
268435456,1,63594.55,4221.04
#bytes,#repetitions,t[usec],Mbytes/sec
0,1000,0.29,0.00
1,1000,0.32,3.15
2,1000,0.32,6.26
4,1000,0.32,12.52
8,1000,0.32,25.13
16,1000,0.33,48.74
32,1000,0.33,98.35
64,1000,0.36,177.46
128,1000,0.40,323.32
256,1000,0.47,547.85
512,1000,0.70,726.33
1024,1000,0.79,1291.39
2048,1000,0.90,2268.03
4096,1000,1.83,2238.65
8192,1000,2.16,3793.45
16384,1000,2.71,6045.01
32768,1000,3.70,8848.46
65536,640,5.74,11412.01
131072,320,9.67,13550.95
262144,160,17.19,15252.74
524288,80,36.94,14193.05
1048576,40,97.85,10715.73
2097152,20,230.20,9110.16
4194304,10,552.93,7585.65
8388608,5,1645.16,5098.95
16777216,2,3986.64,4208.36
33554432,1,8328.11,4029.06
67108864,1,16423.95,4086.04
134217728,1,32240.22,4163.05
268435456,1,63514.85,4226.34
#bytes,#repetitions,t[usec],Mbytes/sec
0,1000,0.29,0.00
1,1000,0.31,3.18
2,1000,0.32,6.29
4,1000,0.32,12.57
8,1000,0.31,25.40
16,1000,0.32,49.47
32,1000,0.32,98.77
64,1000,0.35,183.44
128,1000,0.40,317.39
256,1000,0.47,538.96
512,1000,0.70,729.23
1024,1000,0.81,1264.89
2048,1000,0.92,2236.04
4096,1000,1.85,2218.49
8192,1000,2.15,3810.58
16384,1000,2.66,6161.50
32768,1000,3.66,8949.20
65536,640,5.73,11427.38
131072,320,9.38,13966.53
262144,160,17.03,15392.86
524288,80,37.14,14116.64
1048576,40,99.49,10539.38
2097152,20,229.97,9119.26
4194304,10,545.12,7694.23
8388608,5,1661.77,5047.99
16777216,2,3894.97,4307.41
33554432,1,8188.19,4097.90
67108864,1,16241.38,4131.97
134217728,1,32156.30,4173.92
268435456,1,63621.48,4219.26
#bytes,#repetitions,t[usec],Mbytes/sec
0,1000,0.28,0.00
1,1000,0.32,3.14
2,1000,0.32,6.33
4,1000,0.32,12.58
8,1000,0.32,25.11
16,1000,0.32,49.61
32,1000,0.33,97.48
64,1000,0.35,182.05
128,1000,0.39,325.40
256,1000,0.46,552.93
512,1000,0.70,731.25
1024,1000,0.77,1323.45
2048,1000,0.91,2258.48
4096,1000,1.80,2273.16
8192,1000,2.17,3770.06
16384,1000,2.75,5956.40
32768,1000,3.72,8805.17
65536,640,5.68,11532.55
131072,320,9.40,13947.82
262144,160,16.95,15465.64
524288,80,36.50,14362.11
1048576,40,98.51,10644.85
2097152,20,231.46,9060.46
4194304,10,552.01,7598.22
8388608,5,1666.91,5032.44
16777216,2,3874.91,4329.70
33554432,1,8119.02,4132.82
67108864,1,16199.50,4142.65
134217728,1,32169.43,4172.21
268435456,1,63460.34,4229.97
#bytes,#repetitions,t[usec],Mbytes/sec
0,1000,0.31,0.00
1,1000,0.31,3.20
2,1000,0.31,6.45
4,1000,0.31,12.79
8,1000,0.31,25.51
16,1000,0.32,50.04
32,1000,0.32,98.99
64,1000,0.35,184.43
128,1000,0.39,324.67
256,1000,0.47,545.62
512,1000,0.70,732.90
1024,1000,0.78,1315.66
2048,1000,0.92,2227.74
4096,1000,1.81,2265.04
8192,1000,2.21,3714.86
16384,1000,2.67,6135.65
32768,1000,3.77,8689.98
65536,640,5.68,11539.42
131072,320,9.66,13571.00
262144,160,16.89,15517.71
524288,80,36.69,14290.39
1048576,40,98.32,10664.68
2097152,20,231.78,9048.08
4194304,10,541.97,7739.01
8388608,5,1650.96,5081.05
16777216,2,3862.39,4343.74
33554432,1,8004.37,4192.02
67108864,1,16094.95,4169.56
134217728,1,32065.09,4185.79
268435456,1,63398.55,4234.09
#bytes,#repetitions,t[usec],Mbytes/sec
0,1000,0.29,0.00
1,1000,0.32,3.13
2,1000,0.32,6.34
4,1000,0.32,12.59
8,1000,0.32,25.13
16,1000,0.32,49.30
32,1000,0.33,97.94
64,1000,0.35,184.15
128,1000,0.40,317.83
256,1000,0.47,543.68
512,1000,0.70,735.99
1024,1000,0.81,1263.51
2048,1000,0.92,2235.67
4096,1000,1.93,2121.91
8192,1000,2.23,3678.46
16384,1000,2.81,5831.94
32768,1000,3.76,8715.74
65536,640,5.74,11408.60
131072,320,9.39,13963.59
262144,160,17.65,14850.40
524288,80,38.53,13607.53
1048576,40,101.02,10380.38
2097152,20,233.93,8964.90
4194304,10,575.00,7294.50
8388608,5,1736.20,4831.60
16777216,2,3967.46,4228.70
33554432,1,8365.98,4010.82
67108864,1,17080.15,3929.06
134217728,1,33417.02,4016.45
268435456,1,65798.73,4079.65
