#bytes,#repetitions,t[usec],Mbytes/sec
0,1000,0.26,0.00
1,1000,0.27,3.69
2,1000,0.27,7.44
4,1000,0.27,14.88
8,1000,0.27,29.69
16,1000,0.27,59.02
32,1000,0.28,112.59
64,1000,0.28,226.20
128,1000,0.29,441.70
256,1000,0.31,827.17
512,1000,0.53,960.85
1024,1000,0.59,1748.88
2048,1000,0.73,2805.94
4096,1000,0.94,4346.53
8192,1000,1.48,5533.44
16384,1000,2.40,6836.28
32768,1000,3.50,9350.18
65536,640,5.87,11165.45
131072,320,8.86,14798.35
262144,160,15.64,16766.31
524288,80,41.88,12517.73
1048576,40,84.94,12344.74
2097152,20,162.78,12883.03
4194304,10,398.18,10533.68
8388608,5,1038.91,8074.39
16777216,2,2131.77,7870.10
33554432,1,6045.22,5550.57
67108864,1,12465.69,5383.48
134217728,1,25788.35,5204.59
268435456,1,53197.99,5045.97
#bytes,#repetitions,t[usec],Mbytes/sec
0,1000,0.27,0.00
1,1000,0.28,3.59
2,1000,0.27,7.28
4,1000,0.28,14.53
8,1000,0.28,29.07
16,1000,0.28,57.81
32,1000,0.29,111.02
64,1000,0.29,222.86
128,1000,0.29,440.65
256,1000,0.31,824.32
512,1000,0.53,967.89
1024,1000,0.60,1695.85
2048,1000,0.74,2774.65
4096,1000,0.95,4311.73
8192,1000,1.48,5541.36
16384,1000,2.38,6892.51
32768,1000,3.60,9101.38
65536,640,5.98,10956.04
131072,320,8.82,14855.70
262144,160,15.41,17014.34
524288,80,40.80,12848.90
1048576,40,84.13,12463.59
2097152,20,159.93,13113.34
4194304,10,403.62,10391.63
8388608,5,1038.19,8080.07
16777216,2,2138.95,7843.66
33554432,1,6038.67,5556.59
67108864,1,13044.23,5144.71
134217728,1,25769.16,5208.46
268435456,1,52736.91,5090.09
#bytes,#repetitions,t[usec],Mbytes/sec
0,1000,0.26,0.00
1,1000,0.27,3.71
2,1000,0.27,7.37
4,1000,0.27,14.76
8,1000,0.27,29.75
16,1000,0.27,59.51
32,1000,0.28,113.86
64,1000,0.28,225.02
128,1000,0.29,439.50
256,1000,0.31,834.43
512,1000,0.53,957.61
1024,1000,0.60,1720.46
2048,1000,0.73,2800.39
4096,1000,0.95,4313.70
8192,1000,1.51,5433.27
16384,1000,2.37,6902.42
32768,1000,3.57,9189.82
65536,640,5.82,11258.58
131072,320,8.80,14894.16
262144,160,15.74,16655.37
524288,80,40.39,12981.53
1048576,40,83.49,12559.76
2097152,20,161.76,12964.49
4194304,10,402.71,10415.08
8388608,5,1040.32,8063.52
16777216,2,2147.15,7813.70
33554432,1,6042.87,5552.73
67108864,1,12504.65,5366.71
134217728,1,25674.86,5227.59
268435456,1,52537.90,5109.37
#bytes,#repetitions,t[usec],Mbytes/sec
0,1000,0.26,0.00
1,1000,0.27,3.67
2,1000,0.27,7.42
4,1000,0.27,14.90
8,1000,0.27,29.68
16,1000,0.27,58.94
32,1000,0.28,112.54
64,1000,0.29,224.40
128,1000,0.29,438.47
256,1000,0.31,830.99
512,1000,0.54,954.85
1024,1000,0.61,1668.17
2048,1000,0.74,2771.48
4096,1000,0.95,4312.49
8192,1000,1.52,5407.22
16384,1000,2.42,6772.72
32768,1000,3.60,9106.70
65536,640,5.87,11173.93
131072,320,8.85,14806.23
262144,160,15.54,16872.92
524288,80,41.52,12626.03
1048576,40,84.06,12474.49
2097152,20,164.20,12771.69
4194304,10,419.54,9997.35
8388608,5,1035.30,8102.61
16777216,2,2149.75,7804.27
33554432,1,6018.94,5574.80
67108864,1,12530.93,5355.46
134217728,1,25536.89,5255.84
268435456,1,52663.45,5097.19
#bytes,#repetitions,t[usec],Mbytes/sec
0,1000,0.26,0.00
1,1000,0.27,3.73
2,1000,0.27,7.38
4,1000,0.27,14.69
8,1000,0.27,29.57
16,1000,0.27,59.32
32,1000,0.28,112.99
64,1000,0.29,223.45
128,1000,0.29,437.70
256,1000,0.31,833.71
512,1000,0.54,950.85
1024,1000,0.60,1696.32
2048,1000,0.74,2774.18
4096,1000,0.95,4289.30
8192,1000,1.49,5495.63
16384,1000,2.41,6801.04
32768,1000,3.61,9069.23
65536,640,5.96,11000.27
131072,320,8.93,14672.32
262144,160,15.61,16796.96
524288,80,40.94,12806.31
1048576,40,83.88,12500.22
2097152,20,163.43,12831.97
4194304,10,398.81,10517.14
8388608,5,1027.72,8162.36
16777216,2,2498.89,6713.87
33554432,1,6022.41,5571.60
67108864,1,12386.86,5417.75
134217728,1,25735.99,5215.18
268435456,1,52731.39,5090.62
#bytes,#repetitions,t[usec],Mbytes/sec
0,1000,0.27,0.00
1,1000,0.28,3.59
2,1000,0.27,7.38
4,1000,0.27,14.81
8,1000,0.28,28.55
16,1000,0.27,58.71
32,1000,0.28,112.39
64,1000,0.28,225.33
128,1000,0.29,439.32
256,1000,0.31,831.28
512,1000,0.57,906.06
1024,1000,0.61,1691.26
2048,1000,0.74,2775.33
4096,1000,0.95,4315.33
8192,1000,1.51,5438.55
16384,1000,2.42,6779.76
32768,1000,3.56,9202.40
65536,640,5.86,11192.08
131072,320,8.84,14827.52
262144,160,15.63,16767.34
524288,80,41.21,12723.02
1048576,40,83.59,12544.78
2097152,20,164.80,12725.08
4194304,10,512.01,8191.81
8388608,5,1032.78,8122.34
16777216,2,2150.67,7800.93
33554432,1,6042.98,5552.63
67108864,1,12482.70,5376.15
134217728,1,25912.77,5179.60
268435456,1,52768.35,5087.05
#bytes,#repetitions,t[usec],Mbytes/sec
0,1000,0.26,0.00
1,1000,0.27,3.67
2,1000,0.27,7.41
4,1000,0.27,14.81
8,1000,0.27,29.62
16,1000,0.27,58.86
32,1000,0.28,112.87
64,1000,0.28,225.12
128,1000,0.29,443.25
256,1000,0.31,836.82
512,1000,0.56,916.09
1024,1000,0.61,1690.22
2048,1000,0.74,2755.30
4096,1000,0.95,4318.47
8192,1000,1.49,5483.03
16384,1000,2.36,6938.32
32768,1000,3.59,9129.16
65536,640,5.92,11076.99
131072,320,8.88,14756.46
262144,160,16.51,15873.95
524288,80,40.72,12874.90
1048576,40,84.21,12452.14
2097152,20,163.55,12822.79
4194304,10,404.15,10378.10
8388608,5,1022.94,8200.52
16777216,2,2131.07,7872.68
33554432,1,5987.74,5603.86
67108864,1,12442.05,5393.71
134217728,1,25729.88,5216.41
268435456,1,52595.62,5103.76
#bytes,#repetitions,t[usec],Mbytes/sec
0,1000,0.26,0.00
1,1000,0.27,3.64
2,1000,0.27,7.34
4,1000,0.27,14.84
8,1000,0.27,29.55
16,1000,0.27,58.67
32,1000,0.30,107.95
64,1000,0.30,215.30
128,1000,0.30,426.98
256,1000,0.32,810.61
512,1000,0.58,890.36
1024,1000,0.61,1668.07
2048,1000,0.72,2830.89
4096,1000,0.94,4374.27
8192,1000,1.46,5597.43
16384,1000,2.33,7026.86
32768,1000,3.51,9333.26
65536,640,5.94,11034.17
131072,320,8.83,14851.13
262144,160,15.61,16797.86
524288,80,42.66,12289.39
1048576,40,84.71,12379.08
2097152,20,162.29,12922.59
4194304,10,408.19,10275.41
8388608,5,1041.44,8054.81
16777216,2,2118.67,7918.74
33554432,1,6090.75,5509.08
67108864,1,12467.48,5382.71
134217728,1,25731.49,5216.09
268435456,1,52649.83,5098.51
#bytes,#repetitions,t[usec],Mbytes/sec
0,1000,0.27,0.00
1,1000,0.28,3.61
2,1000,0.27,7.30
4,1000,0.27,14.57
8,1000,0.27,29.16
16,1000,0.28,57.73
32,1000,0.29,111.65
64,1000,0.29,223.28
128,1000,0.29,441.39
256,1000,0.31,825.65
512,1000,0.56,916.59
1024,1000,0.60,1716.94
2048,1000,0.71,2869.63
4096,1000,0.94,4365.83
8192,1000,1.48,5540.36
16384,1000,2.38,6884.07
32768,1000,3.57,9174.30
65536,640,5.87,11166.70
131072,320,8.86,14794.69
262144,160,15.69,16711.81
524288,80,42.22,12417.97
1048576,40,84.19,12454.59
2097152,20,162.57,12899.74
4194304,10,403.94,10383.46
8388608,5,1032.34,8125.83
16777216,2,2126.36,7890.10
33554432,1,6021.57,5572.37
67108864,1,12413.81,5405.99
134217728,1,25712.42,5219.96
268435456,1,52357.46,5126.98
#bytes,#repetitions,t[usec],Mbytes/sec
0,1000,0.26,0.00
1,1000,0.27,3.66
2,1000,0.28,7.24
4,1000,0.28,14.24
8,1000,0.28,28.87
16,1000,0.27,58.95
32,1000,0.29,111.73
64,1000,0.29,223.27
128,1000,0.29,438.50
256,1000,0.31,832.26
512,1000,0.57,905.31
1024,1000,0.60,1701.27
2048,1000,0.73,2800.92
4096,1000,0.97,4214.37
8192,1000,1.52,5393.91
16384,1000,2.38,6875.47
32768,1000,3.61,9081.31
65536,640,5.93,11053.44
131072,320,8.85,14812.72
262144,160,15.46,16960.23
524288,80,42.22,12416.94
1048576,40,84.18,12457.08
2097152,20,163.27,12844.92
4194304,10,402.36,10424.31
8388608,5,1034.17,8111.42
16777216,2,2127.91,7884.35
33554432,1,6006.11,5586.72
67108864,1,12458.00,5386.81
134217728,1,25812.55,5199.71
268435456,1,52808.73,5083.16
