#bytes,#repetitions,t[usec],Mbytes/sec
0,1000,1.37,0.00
1,1000,1.36,0.73
2,1000,1.37,1.46
4,1000,1.37,2.92
8,1000,1.36,5.89
16,1000,1.36,11.74
32,1000,1.38,23.14
64,1000,1.57,40.67
128,1000,1.63,78.76
256,1000,1.89,135.70
512,1000,1.95,262.43
1024,1000,2.14,478.66
2048,1000,2.80,731.53
4096,1000,3.67,1115.59
8192,1000,4.64,1767.11
16384,1000,6.37,2571.97
32768,1000,10.67,3071.28
65536,640,13.16,4978.53
131072,320,23.08,5678.77
262144,160,33.06,7930.29
524288,80,57.98,9042.49
1048576,40,98.58,10637.00
2097152,20,184.78,11349.72
4194304,10,356.71,11758.25
8388608,5,698.19,12014.73
16777216,2,1386.43,12101.00
33554432,1,2757.53,12168.31
67108864,1,5500.16,12201.26
134217728,1,10956.51,12250.05
268435456,1,22018.60,12191.31
#bytes,#repetitions,t[usec],Mbytes/sec
0,1000,1.28,0.00
1,1000,1.28,0.78
2,1000,1.29,1.55
4,1000,1.29,3.11
8,1000,1.28,6.24
16,1000,1.28,12.46
32,1000,1.30,24.68
64,1000,1.44,44.52
128,1000,1.48,86.35
256,1000,1.71,149.55
512,1000,1.78,288.19
1024,1000,1.94,527.25
2048,1000,2.54,806.48
4096,1000,3.27,1252.77
8192,1000,4.24,1934.30
16384,1000,5.91,2771.06
32768,1000,10.25,3195.84
65536,640,13.40,4890.10
131072,320,22.67,5782.70
262144,160,33.03,7935.39
524288,80,54.94,9542.10
1048576,40,98.51,10643.98
2097152,20,185.49,11305.87
4194304,10,354.02,11847.65
8388608,5,697.63,12024.48
16777216,2,1384.90,12114.41
33554432,1,2767.16,12125.96
67108864,1,5504.22,12192.26
134217728,1,11031.16,12167.15
268435456,1,22039.92,12179.51
#bytes,#repetitions,t[usec],Mbytes/sec
0,1000,1.33,0.00
1,1000,1.34,0.75
2,1000,1.35,1.48
4,1000,1.35,2.97
8,1000,1.34,5.95
16,1000,1.34,11.90
32,1000,1.36,23.54
64,1000,1.56,41.13
128,1000,1.61,79.41
256,1000,1.86,137.85
512,1000,1.93,265.06
1024,1000,2.11,486.32
2048,1000,2.82,726.75
4096,1000,3.57,1148.88
8192,1000,4.58,1788.54
16384,1000,6.27,2612.73
32768,1000,10.48,3127.32
65536,640,13.33,4917.83
131072,320,22.52,5820.07
262144,160,33.66,7786.96
524288,80,56.39,9298.31
1048576,40,98.55,10639.52
2097152,20,183.64,11420.20
4194304,10,354.15,11843.31
8388608,5,694.92,12071.35
16777216,2,1378.48,12170.79
33554432,1,2759.86,12158.02
67108864,1,5513.01,12172.81
134217728,1,11003.95,12197.23
268435456,1,22030.56,12184.68
#bytes,#repetitions,t[usec],Mbytes/sec
0,1000,1.42,0.00
1,1000,1.41,0.71
2,1000,1.41,1.41
4,1000,1.41,2.83
8,1000,1.41,5.67
16,1000,1.41,11.31
32,1000,1.43,22.32
64,1000,1.69,37.76
128,1000,1.77,72.46
256,1000,2.05,125.01
512,1000,2.13,240.86
1024,1000,2.33,439.53
2048,1000,3.04,673.23
4096,1000,3.90,1049.82
8192,1000,4.93,1661.04
16384,1000,6.75,2428.41
32768,1000,10.77,3042.44
65536,640,13.54,4841.44
131072,320,22.49,5829.27
262144,160,33.46,7834.39
524288,80,56.85,9221.90
1048576,40,98.57,10638.37
2097152,20,185.43,11309.90
4194304,10,356.45,11767.00
8388608,5,698.66,12006.68
16777216,2,1388.06,12086.78
33554432,1,2757.62,12167.88
67108864,1,5504.11,12192.49
134217728,1,10994.39,12207.84
268435456,1,22019.92,12190.57
#bytes,#repetitions,t[usec],Mbytes/sec
0,1000,1.27,0.00
1,1000,1.27,0.79
2,1000,1.28,1.56
4,1000,1.28,3.13
8,1000,1.27,6.28
16,1000,1.27,12.60
32,1000,1.29,24.74
64,1000,1.42,45.06
128,1000,1.46,87.51
256,1000,1.71,149.41
512,1000,1.78,288.18
1024,1000,1.94,527.90
2048,1000,2.57,796.44
4096,1000,3.26,1258.36
8192,1000,4.11,1990.85
16384,1000,5.89,2780.98
32768,1000,10.36,3162.75
65536,640,13.35,4907.48
131072,320,22.74,5764.62
262144,160,32.81,7990.84
524288,80,56.09,9347.27
1048576,40,98.56,10638.70
2097152,20,184.17,11386.80
4194304,10,353.72,11857.84
8388608,5,696.60,12042.21
16777216,2,1382.85,12132.35
33554432,1,2769.37,12116.25
67108864,1,5502.69,12195.66
134217728,1,10995.13,12207.01
268435456,1,22019.09,12191.03
#bytes,#repetitions,t[usec],Mbytes/sec
0,1000,1.41,0.00
1,1000,1.41,0.71
2,1000,1.40,1.42
4,1000,1.41,2.85
8,1000,1.42,5.62
16,1000,1.41,11.35
32,1000,1.43,22.40
64,1000,1.70,37.72
128,1000,1.75,73.15
256,1000,2.03,126.00
512,1000,2.10,243.94
1024,1000,2.31,443.67
2048,1000,3.02,678.71
4096,1000,3.90,1049.70
8192,1000,4.99,1641.84
16384,1000,6.81,2404.64
32768,1000,10.51,3118.90
65536,640,13.90,4715.99
131072,320,22.54,5814.15
262144,160,33.67,7786.51
524288,80,55.84,9388.61
1048576,40,98.57,10637.89
2097152,20,185.46,11307.63
4194304,10,356.12,11777.74
8388608,5,700.18,11980.58
16777216,2,1386.57,12099.78
33554432,1,2762.06,12148.35
67108864,1,5516.65,12164.78
134217728,1,11025.00,12173.95
268435456,1,21947.89,12230.58
#bytes,#repetitions,t[usec],Mbytes/sec
0,1000,1.35,0.00
1,1000,1.34,0.74
2,1000,1.35,1.48
4,1000,1.35,2.97
8,1000,1.34,5.95
16,1000,1.34,11.90
32,1000,1.36,23.54
64,1000,1.56,41.13
128,1000,1.61,79.65
256,1000,1.85,138.18
512,1000,3.56,143.70
1024,1000,2.13,479.91
2048,1000,2.82,725.69
4096,1000,3.58,1145.51
8192,1000,4.56,1797.59
16384,1000,6.31,2596.61
32768,1000,10.26,3194.53
65536,640,13.64,4806.08
131072,320,22.85,5736.73
262144,160,33.47,7833.04
524288,80,55.97,9366.72
1048576,40,98.17,10681.64
2097152,20,185.48,11306.35
4194304,10,355.75,11790.13
8388608,5,698.12,12015.98
16777216,2,1385.17,12111.99
33554432,1,2769.13,12117.33
67108864,1,5522.28,12152.39
134217728,1,11025.57,12173.32
268435456,1,21973.95,12216.08
#bytes,#repetitions,t[usec],Mbytes/sec
0,1000,1.27,0.00
1,1000,1.27,0.79
2,1000,1.28,1.56
4,1000,1.28,3.13
8,1000,1.27,6.30
16,1000,1.27,12.58
32,1000,1.29,24.83
64,1000,1.42,44.99
128,1000,1.47,87.16
256,1000,1.70,150.20
512,1000,1.77,288.97
1024,1000,3.56,287.63
2048,1000,2.60,787.40
4096,1000,3.26,1256.91
8192,1000,4.14,1977.03
16384,1000,5.82,2817.19
32768,1000,10.34,3168.86
65536,640,13.26,4941.20
131072,320,22.21,5900.86
262144,160,33.32,7868.58
524288,80,57.98,9041.90
1048576,40,98.57,10638.05
2097152,20,185.54,11303.15
4194304,10,353.73,11857.49
8388608,5,697.85,12020.64
16777216,2,1382.87,12132.13
33554432,1,2768.88,12118.42
67108864,1,5521.45,12154.22
134217728,1,10991.09,12211.50
268435456,1,22036.14,12181.60
#bytes,#repetitions,t[usec],Mbytes/sec
0,1000,1.26,0.00
1,1000,1.27,0.79
2,1000,1.28,1.56
4,1000,1.28,3.13
8,1000,1.27,6.31
16,1000,1.27,12.59
32,1000,1.29,24.80
64,1000,1.43,44.77
128,1000,1.47,87.22
256,1000,1.70,150.96
512,1000,1.77,288.57
1024,1000,1.93,531.35
2048,1000,2.57,798.18
4096,1000,3.25,1258.75
8192,1000,4.16,1968.64
16384,1000,5.86,2796.67
32768,1000,10.07,3252.82
65536,640,12.78,5129.62
131072,320,22.39,5855.29
262144,160,33.17,7903.20
524288,80,55.97,9367.40
1048576,40,97.70,10733.13
2097152,20,185.53,11303.80
4194304,10,352.92,11884.60
8388608,5,695.26,12065.49
16777216,2,1376.95,12184.29
33554432,1,2764.12,12139.30
67108864,1,5519.33,12158.88
134217728,1,11024.13,12174.90
268435456,1,22031.33,12184.26
#bytes,#repetitions,t[usec],Mbytes/sec
0,1000,1.34,0.00
1,1000,1.34,0.75
2,1000,1.35,1.48
4,1000,1.35,2.97
8,1000,1.34,5.96
16,1000,1.34,11.90
32,1000,1.36,23.60
64,1000,1.55,41.39
128,1000,1.61,79.53
256,1000,3.41,74.99
512,1000,1.95,262.67
1024,1000,2.11,484.86
2048,1000,2.77,738.50
4096,1000,3.61,1134.47
8192,1000,4.56,1794.54
16384,1000,6.33,2587.15
32768,1000,10.50,3120.70
65536,640,13.31,4925.03
131072,320,22.74,5763.39
262144,160,33.42,7843.95
524288,80,57.98,9041.80
1048576,40,98.14,10684.69
2097152,20,184.35,11375.67
4194304,10,354.67,11825.85
8388608,5,698.30,12012.97
16777216,2,1384.94,12114.07
33554432,1,2769.87,12114.07
67108864,1,5500.89,12199.64
134217728,1,11029.82,12168.63
268435456,1,22021.17,12189.88
