#bytes,#repetitions,t[usec],Mbytes/sec
0,1000,1.39,0.00
1,1000,1.38,0.72
2,1000,1.38,1.45
4,1000,1.38,2.89
8,1000,1.38,5.78
16,1000,1.39,11.54
32,1000,1.42,22.60
64,1000,1.78,35.97
128,1000,1.75,73.34
256,1000,2.02,126.88
512,1000,2.09,244.91
1024,1000,2.31,443.43
2048,1000,3.00,683.47
4096,1000,3.94,1040.82
8192,1000,5.55,1476.90
16384,1000,7.34,2230.75
32768,1000,10.08,3249.67
65536,640,14.52,4515.04
131072,320,23.54,5568.82
262144,160,33.53,7818.56
524288,80,56.09,9347.98
1048576,40,98.85,10607.97
2097152,20,185.98,11276.46
4194304,10,355.09,11811.86
8388608,5,698.95,12001.74
16777216,2,1385.20,12111.73
33554432,1,2760.84,12153.71
67108864,1,5507.82,12184.28
134217728,1,11042.88,12154.24
268435456,1,22073.32,12161.08
#bytes,#repetitions,t[usec],Mbytes/sec
0,1000,1.39,0.00
1,1000,1.38,0.72
2,1000,1.38,1.45
4,1000,1.38,2.89
8,1000,1.38,5.78
16,1000,1.39,11.51
32,1000,1.41,22.62
64,1000,1.71,37.32
128,1000,1.75,72.98
256,1000,2.02,126.60
512,1000,2.10,243.45
1024,1000,2.33,439.97
2048,1000,2.99,685.84
4096,1000,4.02,1017.89
8192,1000,5.57,1471.10
16384,1000,7.36,2225.05
32768,1000,10.08,3250.90
65536,640,14.54,4506.48
131072,320,23.57,5560.33
262144,160,33.43,7841.38
524288,80,56.05,9353.53
1048576,40,99.04,10586.89
2097152,20,186.02,11273.92
4194304,10,355.69,11792.12
8388608,5,697.95,12019.01
16777216,2,1383.32,12128.25
33554432,1,2756.67,12172.07
67108864,1,5510.24,12178.93
134217728,1,11022.40,12176.82
268435456,1,22072.57,12161.50
#bytes,#repetitions,t[usec],Mbytes/sec
0,1000,1.39,0.00
1,1000,1.38,0.73
2,1000,1.38,1.45
4,1000,1.38,2.90
8,1000,1.38,5.80
16,1000,1.38,11.59
32,1000,1.41,22.67
64,1000,1.82,35.16
128,1000,1.76,72.79
256,1000,2.02,126.80
512,1000,2.09,244.39
1024,1000,2.33,439.65
2048,1000,3.03,676.27
4096,1000,3.91,1047.04
8192,1000,5.52,1483.29
16384,1000,7.31,2242.37
32768,1000,10.19,3216.17
65536,640,14.47,4528.82
131072,320,23.54,5568.27
262144,160,33.56,7812.02
524288,80,55.62,9425.62
1048576,40,98.96,10596.31
2097152,20,185.99,11275.73
4194304,10,355.02,11814.19
8388608,5,698.17,12015.09
16777216,2,1385.34,12110.52
33554432,1,2759.90,12157.85
67108864,1,5512.37,12174.24
134217728,1,11023.44,12175.66
268435456,1,22071.74,12161.95
#bytes,#repetitions,t[usec],Mbytes/sec
0,1000,1.39,0.00
1,1000,1.38,0.72
2,1000,1.38,1.45
4,1000,1.38,2.90
8,1000,1.38,5.79
16,1000,1.38,11.55
32,1000,1.42,22.58
64,1000,1.70,37.67
128,1000,1.74,73.45
256,1000,2.02,126.96
512,1000,2.09,245.04
1024,1000,2.29,447.63
2048,1000,2.99,685.01
4096,1000,3.92,1045.91
8192,1000,5.53,1482.61
16384,1000,7.35,2228.03
32768,1000,10.11,3241.68
65536,640,14.49,4521.86
131072,320,23.52,5571.87
262144,160,33.35,7861.53
524288,80,55.95,9371.11
1048576,40,98.91,10600.91
2097152,20,186.00,11275.10
4194304,10,354.61,11828.06
8388608,5,697.43,12027.85
16777216,2,1383.51,12126.59
33554432,1,2761.70,12149.92
67108864,1,5506.58,12187.03
134217728,1,11019.06,12180.50
268435456,1,22059.95,12168.45
#bytes,#repetitions,t[usec],Mbytes/sec
0,1000,1.39,0.00
1,1000,1.38,0.72
2,1000,1.38,1.45
4,1000,1.38,2.90
8,1000,1.38,5.80
16,1000,1.38,11.58
32,1000,1.41,22.67
64,1000,1.69,37.77
128,1000,1.74,73.68
256,1000,2.01,127.36
512,1000,2.08,245.68
1024,1000,2.32,441.88
2048,1000,2.99,684.59
4096,1000,4.02,1019.13
8192,1000,5.53,1481.35
16384,1000,7.34,2233.51
32768,1000,10.12,3238.52
65536,640,14.48,4525.47
131072,320,23.59,5557.36
262144,160,33.52,7819.39
524288,80,55.75,9404.84
1048576,40,98.81,10611.74
2097152,20,185.21,11323.23
4194304,10,355.17,11809.16
8388608,5,697.97,12018.50
16777216,2,1385.17,12112.00
33554432,1,2762.81,12145.04
67108864,1,5523.32,12150.11
134217728,1,11039.80,12157.62
268435456,1,22091.55,12151.05
#bytes,#repetitions,t[usec],Mbytes/sec
0,1000,1.39,0.00
1,1000,1.38,0.72
2,1000,1.38,1.45
4,1000,1.38,2.90
8,1000,1.38,5.79
16,1000,1.38,11.56
32,1000,1.42,22.61
64,1000,1.70,37.64
128,1000,1.75,73.17
256,1000,2.02,126.89
512,1000,2.09,245.48
1024,1000,2.31,443.94
2048,1000,2.97,688.47
4096,1000,3.92,1044.00
8192,1000,5.51,1488.08
16384,1000,7.35,2229.17
32768,1000,10.12,3239.47
65536,640,14.47,4530.09
131072,320,23.52,5571.92
262144,160,33.50,7824.28
524288,80,58.12,9020.22
1048576,40,98.80,10613.22
2097152,20,184.77,11350.33
4194304,10,355.70,11791.66
8388608,5,698.70,12006.00
16777216,2,1386.17,12103.27
33554432,1,2759.56,12159.34
67108864,1,5505.05,12190.42
134217728,1,11033.43,12164.64
268435456,1,22088.74,12152.59
#bytes,#repetitions,t[usec],Mbytes/sec
0,1000,1.39,0.00
1,1000,1.38,0.72
2,1000,1.39,1.44
4,1000,1.38,2.89
8,1000,1.39,5.77
16,1000,1.39,11.55
32,1000,1.41,22.69
64,1000,1.70,37.56
128,1000,1.75,73.19
256,1000,2.02,126.64
512,1000,2.10,244.16
1024,1000,2.35,435.19
2048,1000,3.03,676.24
4096,1000,3.92,1046.00
8192,1000,5.53,1480.22
16384,1000,7.35,2229.00
32768,1000,10.20,3211.97
65536,640,14.50,4520.73
131072,320,23.57,5561.22
262144,160,33.50,7824.08
524288,80,56.58,9265.91
1048576,40,98.82,10611.06
2097152,20,184.72,11353.13
4194304,10,354.64,11827.00
8388608,5,698.57,12008.23
16777216,2,1384.55,12117.48
33554432,1,2758.68,12163.23
67108864,1,5507.91,12184.09
134217728,1,11026.28,12172.53
268435456,1,22031.31,12184.27
#bytes,#repetitions,t[usec],Mbytes/sec
0,1000,1.39,0.00
1,1000,1.38,0.72
2,1000,1.38,1.45
4,1000,1.38,2.90
8,1000,1.38,5.79
16,1000,1.38,11.56
32,1000,1.41,22.69
64,1000,1.71,37.40
128,1000,1.74,73.56
256,1000,2.01,127.49
512,1000,2.09,244.79
1024,1000,2.34,437.58
2048,1000,3.01,681.39
4096,1000,3.93,1042.84
8192,1000,5.55,1476.71
16384,1000,7.35,2229.55
32768,1000,10.10,3242.80
65536,640,14.54,4507.18
131072,320,23.56,5563.50
262144,160,33.81,7753.89
524288,80,56.22,9325.24
1048576,40,98.81,10611.59
2097152,20,184.79,11348.63
4194304,10,354.51,11831.12
8388608,5,698.62,12007.38
16777216,2,1385.52,12108.95
33554432,1,2764.49,12137.64
67108864,1,5519.00,12159.61
134217728,1,11039.84,12157.58
268435456,1,22055.32,12171.00
#bytes,#repetitions,t[usec],Mbytes/sec
0,1000,1.39,0.00
1,1000,1.39,0.72
2,1000,1.38,1.45
4,1000,1.39,2.89
8,1000,1.38,5.79
16,1000,1.39,11.53
32,1000,1.42,22.55
64,1000,1.71,37.40
128,1000,1.75,73.02
256,1000,3.47,73.76
512,1000,2.10,244.10
1024,1000,2.31,443.52
2048,1000,3.00,681.98
4096,1000,3.91,1046.50
8192,1000,5.50,1489.41
16384,1000,7.32,2239.16
32768,1000,10.19,3217.04
65536,640,14.49,4522.97
131072,320,23.54,5566.88
262144,160,33.53,7819.25
524288,80,55.91,9378.04
1048576,40,98.82,10610.95
2097152,20,186.01,11274.46
4194304,10,355.66,11793.09
8388608,5,698.42,12010.91
16777216,2,1386.20,12103.07
33554432,1,2761.26,12151.86
67108864,1,5502.47,12196.12
134217728,1,11039.78,12157.64
268435456,1,22096.22,12148.48
#bytes,#repetitions,t[usec],Mbytes/sec
0,1000,1.39,0.00
1,1000,1.38,0.72
2,1000,1.38,1.45
4,1000,1.38,2.90
8,1000,1.38,5.78
16,1000,1.38,11.55
32,1000,1.42,22.60
64,1000,1.72,37.31
128,1000,1.75,73.33
256,1000,2.02,126.83
512,1000,2.10,244.36
1024,1000,2.31,443.04
2048,1000,3.01,679.73
4096,1000,4.02,1018.99
8192,1000,5.56,1474.36
16384,1000,7.37,2222.69
32768,1000,10.10,3245.01
65536,640,14.50,4520.82
131072,320,23.49,5580.58
262144,160,33.27,7879.85
524288,80,55.99,9364.28
1048576,40,98.82,10611.24
2097152,20,184.56,11363.05
4194304,10,354.65,11826.69
8388608,5,697.41,12028.23
16777216,2,1383.27,12128.63
33554432,1,2757.94,12166.48
67108864,1,5502.93,12195.11
134217728,1,11021.67,12177.62
268435456,1,22065.83,12165.21
