#bytes,#repetitions,t[usec],Mbytes/sec
0,1000,0.45,0.00
1,1000,0.46,2.17
2,1000,0.46,4.35
4,1000,0.47,8.59
8,1000,0.45,17.66
16,1000,0.46,34.50
32,1000,0.50,63.79
64,1000,0.49,130.15
128,1000,0.59,218.58
256,1000,0.63,406.39
512,1000,0.94,543.34
1024,1000,1.01,1015.18
2048,1000,1.16,1763.57
4096,1000,1.56,2619.26
8192,1000,2.09,3911.98
16384,1000,3.89,4212.36
32768,1000,5.36,6115.63
65536,640,9.29,7051.50
131072,320,15.39,8519.32
262144,160,29.90,8767.66
524288,80,66.46,7888.36
1048576,40,133.93,7829.24
2097152,20,260.23,8058.78
4194304,10,511.23,8204.34
8388608,5,1060.32,7911.38
16777216,2,2319.62,7232.73
33554432,1,7930.13,4231.26
67108864,1,15827.44,4240.03
134217728,1,31798.18,4220.92
268435456,1,62720.34,4279.88
#bytes,#repetitions,t[usec],Mbytes/sec
0,1000,0.45,0.00
1,1000,0.45,2.20
2,1000,0.45,4.43
4,1000,0.45,8.80
8,1000,0.45,17.66
16,1000,0.45,35.31
32,1000,0.50,63.95
64,1000,0.49,130.67
128,1000,0.58,220.34
256,1000,0.62,411.92
512,1000,0.95,537.72
1024,1000,1.00,1027.32
2048,1000,1.12,1831.84
4096,1000,1.56,2622.71
8192,1000,2.10,3906.78
16384,1000,3.54,4627.36
32768,1000,5.35,6129.02
65536,640,9.18,7140.65
131072,320,15.17,8640.64
262144,160,27.87,9406.96
524288,80,68.07,7702.43
1048576,40,132.96,7886.69
2097152,20,258.26,8120.35
4194304,10,510.08,8222.81
8388608,5,1060.69,7908.67
16777216,2,2321.55,7226.72
33554432,1,7924.73,4234.14
67108864,1,15794.47,4248.88
134217728,1,31914.17,4205.58
268435456,1,62364.51,4304.30
#bytes,#repetitions,t[usec],Mbytes/sec
0,1000,0.45,0.00
1,1000,0.45,2.20
2,1000,0.45,4.43
4,1000,0.45,8.85
8,1000,0.45,17.69
16,1000,0.45,35.22
32,1000,0.50,63.78
64,1000,0.49,130.14
128,1000,0.60,214.47
256,1000,0.61,418.49
512,1000,0.97,528.34
1024,1000,1.01,1012.90
2048,1000,1.13,1807.89
4096,1000,1.62,2534.82
8192,1000,2.08,3933.60
16384,1000,3.58,4577.95
32768,1000,5.33,6153.30
65536,640,9.28,7059.57
131072,320,15.21,8615.64
262144,160,28.44,9217.19
524288,80,68.12,7696.81
1048576,40,131.96,7946.35
2097152,20,259.47,8082.31
4194304,10,513.32,8170.88
8388608,5,1076.07,7795.56
16777216,2,2304.85,7279.09
33554432,1,7910.25,4241.89
67108864,1,15778.62,4253.15
134217728,1,31785.10,4222.66
268435456,1,62546.94,4291.74
#bytes,#repetitions,t[usec],Mbytes/sec
0,1000,0.45,0.00
1,1000,0.45,2.20
2,1000,0.45,4.43
4,1000,0.45,8.84
8,1000,0.45,17.65
16,1000,0.45,35.52
32,1000,0.49,64.70
64,1000,0.49,130.88
128,1000,0.59,217.04
256,1000,0.61,421.22
512,1000,0.93,550.26
1024,1000,0.99,1034.55
2048,1000,1.12,1836.04
4096,1000,1.56,2630.96
8192,1000,2.14,3827.80
16384,1000,3.48,4713.74
32768,1000,5.62,5826.52
65536,640,9.47,6917.11
131072,320,15.45,8481.28
262144,160,28.34,9250.30
524288,80,68.23,7683.82
1048576,40,133.22,7871.05
2097152,20,259.27,8088.72
4194304,10,511.03,8207.48
8388608,5,1058.90,7922.02
16777216,2,2295.44,7308.93
33554432,1,7908.52,4242.82
67108864,1,15824.98,4240.69
134217728,1,31606.52,4246.52
268435456,1,63033.03,4258.65
#bytes,#repetitions,t[usec],Mbytes/sec
0,1000,0.45,0.00
1,1000,0.45,2.21
2,1000,0.46,4.34
4,1000,0.45,8.83
8,1000,0.45,17.71
16,1000,0.46,34.81
32,1000,0.49,64.69
64,1000,0.49,130.60
128,1000,0.59,217.86
256,1000,0.61,422.05
512,1000,0.96,530.74
1024,1000,1.03,994.48
2048,1000,1.15,1773.41
4096,1000,1.63,2512.87
8192,1000,2.07,3962.13
16384,1000,3.40,4815.98
32768,1000,5.41,6060.01
65536,640,9.66,6781.72
131072,320,15.42,8501.91
262144,160,28.10,9330.40
524288,80,78.67,6664.18
1048576,40,133.25,7869.46
2097152,20,257.62,8140.44
4194304,10,517.30,8108.07
8388608,5,1056.41,7940.67
16777216,2,2270.94,7387.78
33554432,1,7888.15,4253.78
67108864,1,15824.57,4240.80
134217728,1,31818.31,4218.25
268435456,1,62424.68,4300.15
#bytes,#repetitions,t[usec],Mbytes/sec
0,1000,0.44,0.00
1,1000,0.45,2.21
2,1000,0.45,4.46
4,1000,0.45,8.85
8,1000,0.45,17.81
16,1000,0.45,35.41
32,1000,0.50,64.30
64,1000,0.49,130.21
128,1000,0.58,219.41
256,1000,0.62,415.00
512,1000,0.97,526.85
1024,1000,1.03,990.89
2048,1000,1.17,1755.24
4096,1000,1.59,2581.71
8192,1000,2.10,3899.76
16384,1000,3.40,4815.19
32768,1000,5.38,6089.57
65536,640,9.29,7054.79
131072,320,15.19,8626.86
262144,160,27.51,9528.65
524288,80,67.11,7811.94
1048576,40,131.86,7952.13
2097152,20,260.36,8054.75
4194304,10,509.70,8228.89
8388608,5,1073.98,7810.74
16777216,2,2317.05,7240.77
33554432,1,7934.73,4228.80
67108864,1,15767.85,4256.06
134217728,1,31483.68,4263.09
268435456,1,62689.30,4282.00
#bytes,#repetitions,t[usec],Mbytes/sec
0,1000,0.45,0.00
1,1000,0.46,2.20
2,1000,0.45,4.41
4,1000,0.45,8.82
8,1000,0.45,17.63
16,1000,0.46,34.87
32,1000,0.50,63.77
64,1000,0.49,129.62
128,1000,0.59,218.40
256,1000,0.61,419.48
512,1000,0.98,524.71
1024,1000,1.04,987.63
2048,1000,1.14,1790.02
4096,1000,1.58,2596.44
8192,1000,2.12,3857.90
16384,1000,3.49,4697.55
32768,1000,5.48,5979.22
65536,640,9.31,7036.93
131072,320,15.48,8466.87
262144,160,28.26,9277.16
524288,80,68.23,7684.35
1048576,40,133.00,7883.75
2097152,20,257.49,8144.68
4194304,10,515.15,8141.99
8388608,5,1070.62,7835.25
16777216,2,2322.51,7223.75
33554432,1,7871.89,4262.56
67108864,1,15938.01,4210.62
134217728,1,31707.39,4233.01
268435456,1,62356.41,4304.86
#bytes,#repetitions,t[usec],Mbytes/sec
0,1000,0.46,0.00
1,1000,0.46,2.17
2,1000,0.46,4.37
4,1000,0.46,8.63
8,1000,0.45,17.62
16,1000,0.45,35.32
32,1000,0.50,63.75
64,1000,0.49,130.61
128,1000,0.59,216.99
256,1000,0.61,418.83
512,1000,0.92,556.39
1024,1000,0.98,1040.02
2048,1000,1.10,1857.40
4096,1000,1.60,2560.81
8192,1000,2.05,3987.87
16384,1000,3.56,4598.10
32768,1000,5.36,6114.32
65536,640,9.23,7100.41
131072,320,15.35,8538.87
262144,160,29.04,9028.12
524288,80,67.28,7792.66
1048576,40,134.38,7802.83
2097152,20,259.04,8096.00
4194304,10,513.72,8164.64
8388608,5,1474.48,5689.18
16777216,2,2327.48,7208.32
33554432,1,7909.30,4242.40
67108864,1,15761.05,4257.89
134217728,1,32131.77,4177.10
268435456,1,62437.37,4299.28
#bytes,#repetitions,t[usec],Mbytes/sec
0,1000,0.44,0.00
1,1000,0.45,2.22
2,1000,0.45,4.45
4,1000,0.45,8.86
8,1000,0.45,17.67
16,1000,0.45,35.38
32,1000,0.50,64.57
64,1000,0.49,130.65
128,1000,0.59,215.34
256,1000,0.61,416.41
512,1000,0.97,529.19
1024,1000,0.98,1042.45
2048,1000,1.13,1816.86
4096,1000,1.61,2545.02
8192,1000,2.10,3900.09
16384,1000,3.49,4689.57
32768,1000,5.32,6157.17
65536,640,9.19,7128.80
131072,320,15.46,8479.83
262144,160,28.11,9324.62
524288,80,68.23,7683.81
1048576,40,132.25,7928.48
2097152,20,259.00,8097.10
4194304,10,510.51,8215.91
8388608,5,1060.20,7912.29
16777216,2,2314.26,7249.50
33554432,1,7931.94,4230.29
67108864,1,16656.00,4029.11
134217728,1,31778.54,4223.53
268435456,1,62593.94,4288.52
#bytes,#repetitions,t[usec],Mbytes/sec
0,1000,0.44,0.00
1,1000,0.45,2.21
2,1000,0.45,4.42
4,1000,0.45,8.84
8,1000,0.45,17.73
16,1000,0.45,35.27
32,1000,0.50,63.74
64,1000,0.49,129.86
128,1000,0.58,220.31
256,1000,0.61,417.58
512,1000,0.92,559.25
1024,1000,0.98,1045.57
2048,1000,1.07,1917.17
4096,1000,1.52,2690.25
8192,1000,2.03,4040.20
16384,1000,3.42,4794.95
32768,1000,5.30,6183.65
65536,640,9.38,6989.97
131072,320,15.16,8645.50
262144,160,27.90,9394.66
524288,80,68.16,7691.84
1048576,40,133.07,7879.81
2097152,20,257.64,8139.87
4194304,10,512.53,8183.49
8388608,5,1060.29,7911.60
16777216,2,2323.29,7221.31
33554432,1,7918.89,4237.26
67108864,1,15748.08,4261.40
134217728,1,31717.96,4231.60
268435456,1,62933.53,4265.38
