#bytes,#repetitions,t[usec],Mbytes/sec
0,1000,0.61,0.00
1,1000,0.62,1.61
2,1000,0.62,3.24
4,1000,0.62,6.42
8,1000,0.62,12.80
16,1000,0.72,22.26
32,1000,0.73,43.89
64,1000,0.86,74.05
128,1000,1.03,124.57
256,1000,1.06,242.55
512,1000,1.38,371.51
1024,1000,1.68,608.53
2048,1000,1.93,1059.60
4096,1000,2.93,1400.15
8192,1000,3.57,2292.13
16384,1000,4.20,3896.64
32768,1000,5.01,6542.27
65536,640,7.01,9349.01
131072,320,10.88,12046.68
262144,160,18.37,14267.00
524288,80,36.99,14174.13
1048576,40,99.30,10559.35
2097152,20,226.36,9264.54
4194304,10,463.19,9055.18
8388608,5,1185.47,7076.18
16777216,2,3843.25,4365.37
33554432,1,9547.47,3514.48
67108864,1,19041.97,3524.26
134217728,1,37449.74,3583.94
268435456,1,73586.17,3647.91
#bytes,#repetitions,t[usec],Mbytes/sec
0,1000,0.61,0.00
1,1000,0.62,1.61
2,1000,0.62,3.20
4,1000,0.62,6.46
8,1000,0.62,13.00
16,1000,0.71,22.53
32,1000,0.71,44.83
64,1000,0.84,75.95
128,1000,1.05,121.69
256,1000,1.12,227.76
512,1000,1.37,373.80
1024,1000,1.59,642.90
2048,1000,1.78,1150.57
4096,1000,3.37,1214.56
8192,1000,3.57,2294.75
16384,1000,4.11,3989.05
32768,1000,5.09,6436.18
65536,640,7.02,9341.28
131072,320,10.48,12508.12
262144,160,18.36,14277.60
524288,80,38.34,13673.19
1048576,40,100.07,10478.88
2097152,20,240.42,8722.69
4194304,10,479.35,8750.07
8388608,5,1170.71,7165.42
16777216,2,4360.25,3847.77
33554432,1,9444.04,3552.97
67108864,1,18782.12,3573.02
134217728,1,37445.06,3584.39
268435456,1,73245.85,3664.86
#bytes,#repetitions,t[usec],Mbytes/sec
0,1000,0.59,0.00
1,1000,0.61,1.64
2,1000,0.62,3.24
4,1000,0.62,6.45
8,1000,0.61,13.02
16,1000,0.72,22.23
32,1000,0.74,43.07
64,1000,0.85,75.57
128,1000,1.06,120.83
256,1000,1.13,227.25
512,1000,1.34,382.69
1024,1000,1.49,687.62
2048,1000,1.96,1047.00
4096,1000,2.96,1382.10
8192,1000,3.44,2378.38
16384,1000,3.96,4141.24
32768,1000,4.90,6685.93
65536,640,7.05,9290.13
131072,320,10.38,12625.82
262144,160,18.17,14431.07
524288,80,37.97,13807.69
1048576,40,98.83,10610.17
2097152,20,230.19,9110.49
4194304,10,473.83,8851.90
8388608,5,1178.41,7118.56
16777216,2,3847.14,4360.96
33554432,1,9469.23,3543.52
67108864,1,18915.51,3547.82
134217728,1,38645.52,3473.05
268435456,1,74152.37,3620.05
#bytes,#repetitions,t[usec],Mbytes/sec
0,1000,0.59,0.00
1,1000,0.62,1.61
2,1000,0.62,3.22
4,1000,0.62,6.48
8,1000,0.62,12.97
16,1000,0.69,23.25
32,1000,0.70,45.90
64,1000,0.77,83.29
128,1000,1.04,123.09
256,1000,1.14,224.12
512,1000,1.36,376.99
1024,1000,1.74,587.15
2048,1000,1.83,1118.52
4096,1000,2.96,1384.61
8192,1000,3.55,2305.88
16384,1000,3.83,4276.01
32768,1000,5.28,6208.16
65536,640,6.72,9747.66
131072,320,10.33,12682.86
262144,160,18.26,14358.57
524288,80,38.00,13797.23
1048576,40,99.13,10577.49
2097152,20,228.82,9165.22
4194304,10,472.59,8875.19
8388608,5,1167.47,7185.31
16777216,2,3756.57,4466.09
33554432,1,9349.40,3588.94
67108864,1,18916.49,3547.64
134217728,1,37861.13,3545.00
268435456,1,74747.47,3591.23
#bytes,#repetitions,t[usec],Mbytes/sec
0,1000,0.60,0.00
1,1000,0.64,1.57
2,1000,0.64,3.14
4,1000,0.63,6.33
8,1000,0.62,12.81
16,1000,0.72,22.37
32,1000,0.73,43.78
64,1000,0.84,76.55
128,1000,1.03,124.09
256,1000,1.13,226.17
512,1000,1.37,372.96
1024,1000,1.50,682.14
2048,1000,1.87,1094.02
4096,1000,2.94,1390.87
8192,1000,3.82,2147.11
16384,1000,4.18,3916.58
32768,1000,5.24,6252.71
65536,640,7.15,9163.03
131072,320,11.17,11738.20
262144,160,18.26,14356.34
524288,80,38.20,13725.59
1048576,40,100.50,10433.42
2097152,20,235.50,8905.00
4194304,10,480.82,8723.29
8388608,5,1199.63,6992.67
16777216,2,4002.39,4191.80
33554432,1,9965.06,3367.21
67108864,1,19642.12,3416.58
134217728,1,38501.07,3486.08
268435456,1,75919.00,3535.81
#bytes,#repetitions,t[usec],Mbytes/sec
0,1000,0.60,0.00
1,1000,0.63,1.58
2,1000,0.63,3.18
4,1000,0.64,6.28
8,1000,0.64,12.56
16,1000,0.73,21.89
32,1000,0.75,42.85
64,1000,0.86,74.29
128,1000,1.09,117.66
256,1000,1.20,213.52
512,1000,1.39,367.04
1024,1000,1.61,635.88
2048,1000,1.77,1158.77
4096,1000,3.36,1220.15
8192,1000,3.86,2122.24
16384,1000,3.87,4230.69
32768,1000,5.20,6305.22
65536,640,6.83,9600.09
131072,320,10.65,12304.40
262144,160,18.52,14156.71
524288,80,37.96,13810.22
1048576,40,99.56,10532.12
2097152,20,241.54,8682.29
4194304,10,489.37,8570.82
8388608,5,1219.69,6877.63
16777216,2,4878.45,3439.04
33554432,1,9780.01,3430.92
67108864,1,19236.78,3488.57
134217728,1,38228.85,3510.90
268435456,1,75000.16,3579.13
#bytes,#repetitions,t[usec],Mbytes/sec
0,1000,0.60,0.00
1,1000,0.63,1.59
2,1000,0.62,3.21
4,1000,0.63,6.36
8,1000,0.63,12.67
16,1000,0.72,22.37
32,1000,0.73,43.84
64,1000,0.83,77.09
128,1000,1.02,125.74
256,1000,1.10,233.09
512,1000,1.38,369.99
1024,1000,1.61,635.31
2048,1000,1.88,1090.42
4096,1000,2.94,1391.31
8192,1000,3.83,2137.11
16384,1000,4.02,4074.59
32768,1000,5.20,6296.58
65536,640,6.83,9589.66
131072,320,10.72,12227.63
262144,160,18.49,14178.74
524288,80,39.03,13434.07
1048576,40,97.50,10754.47
2097152,20,229.17,9150.92
4194304,10,468.76,8947.62
8388608,5,1181.88,7097.67
16777216,2,3756.66,4465.99
33554432,1,9354.07,3587.15
67108864,1,18856.50,3558.93
134217728,1,38487.70,3487.29
268435456,1,74559.28,3600.30
#bytes,#repetitions,t[usec],Mbytes/sec
0,1000,0.60,0.00
1,1000,0.62,1.61
2,1000,0.62,3.23
4,1000,0.62,6.41
8,1000,0.62,12.89
16,1000,0.71,22.55
32,1000,0.72,44.21
64,1000,0.82,78.30
128,1000,1.02,124.89
256,1000,1.15,223.46
512,1000,1.37,373.18
1024,1000,1.63,628.74
2048,1000,1.80,1140.00
4096,1000,3.05,1343.96
8192,1000,3.37,2430.17
16384,1000,3.95,4143.90
32768,1000,5.06,6472.32
65536,640,6.93,9450.08
131072,320,10.58,12386.57
262144,160,18.92,13852.18
524288,80,37.73,13896.51
1048576,40,98.53,10642.18
2097152,20,230.55,9096.15
4194304,10,471.11,8902.99
8388608,5,1190.01,7049.18
16777216,2,3831.55,4378.70
33554432,1,9462.63,3546.00
67108864,1,19031.65,3526.17
134217728,1,37809.13,3549.88
268435456,1,74332.79,3611.27
#bytes,#repetitions,t[usec],Mbytes/sec
0,1000,0.59,0.00
1,1000,0.62,1.60
2,1000,0.63,3.17
4,1000,0.62,6.42
8,1000,0.62,12.82
16,1000,0.70,22.78
32,1000,0.72,44.14
64,1000,0.83,76.95
128,1000,1.02,126.07
256,1000,1.16,219.79
512,1000,1.37,372.45
1024,1000,1.65,620.75
2048,1000,1.76,1160.63
4096,1000,3.06,1339.25
8192,1000,3.58,2285.27
16384,1000,3.96,4133.32
32768,1000,5.11,6417.02
65536,640,6.86,9558.91
131072,320,10.87,12057.61
262144,160,18.18,14416.18
524288,80,38.15,13742.05
1048576,40,99.12,10579.20
2097152,20,236.02,8885.36
4194304,10,484.65,8654.30
8388608,5,1225.43,6845.43
16777216,2,3983.32,4211.87
33554432,1,9812.95,3419.40
67108864,1,19349.44,3468.26
134217728,1,38078.27,3524.79
268435456,1,75186.93,3570.24
#bytes,#repetitions,t[usec],Mbytes/sec
0,1000,0.60,0.00
1,1000,0.62,1.60
2,1000,0.62,3.20
4,1000,0.62,6.40
8,1000,0.63,12.68
16,1000,0.72,22.07
32,1000,0.73,43.90
64,1000,0.83,77.33
128,1000,1.02,125.26
256,1000,1.11,230.09
512,1000,1.36,376.41
1024,1000,1.56,658.19
2048,1000,1.84,1115.43
4096,1000,2.95,1386.35
8192,1000,3.43,2386.95
16384,1000,3.95,4148.84
32768,1000,5.36,6112.62
65536,640,6.69,9791.56
131072,320,10.45,12546.92
262144,160,18.55,14131.79
524288,80,38.42,13645.56
1048576,40,99.30,10559.45
2097152,20,241.39,8687.98
4194304,10,493.71,8495.46
8388608,5,1243.04,6748.45
16777216,2,3887.12,4316.10
33554432,1,9559.54,3510.05
67108864,1,19049.83,3522.81
134217728,1,38072.33,3525.34
268435456,1,74392.12,3608.39
