# Threadlevel provided:        3 out of        0        1        2        3
  spat_dim , proc_dim, PBC ? 
           1 -Dim Input         1200           2 T
           2 -Dim Input         1200           2 T
           3 -Dim Input          600           1 T
#   0 Process grid   2   2   1
           0           3           2
           1           3           2
           2           3           2
           3           3           2
#   0  Allocated 2 arrays with a total of  3490.68      Mbytes 
# StartResidual    0.00000000000    
  4  Maxtime , Mintime + JacobiMi , JacobiMa    1.93271281200        1.93269978300        1.88209579100        1.88452484000       Residual    8016666.66038      MLUPs    447.040033385    
  4  Maxtime , Mintime + JacobiMi , JacobiMa    1.93130838600        1.93056863200        1.88230505600        1.88465113000       Residual    1333333.33333      MLUPs    447.365115930    
  4  Maxtime , Mintime + JacobiMi , JacobiMa    1.93107914200        1.93107628500        1.88221074600        1.88446952900       Residual    283950.617189      MLUPs    447.418223939    
  4  Maxtime , Mintime + JacobiMi , JacobiMa    1.93132101300        1.93131962400        1.88272343800        1.88472172800       Residual    84362.1398990      MLUPs    447.362191052    
  4  Maxtime , Mintime + JacobiMi , JacobiMa    1.93118455900        1.93117880700        1.88229499700        1.88457062300       Residual    34550.7544587      MLUPs    447.393800853    
  4  Maxtime , Mintime + JacobiMi , JacobiMa    1.93038541000        1.93038365400        1.88197604500        1.88378512900       Residual    17801.4233996      MLUPs    447.579014804    
  4  Maxtime , Mintime + JacobiMi , JacobiMa    1.93064286300        1.93064114200        1.88170929200        1.88402964400       Residual    10595.9992565      MLUPs    447.519329731    
  4  Maxtime , Mintime + JacobiMi , JacobiMa    1.93067821600        1.93067491200        1.88192648400        1.88406647200       Residual    6918.82866006      MLUPs    447.511135123    
  4  Maxtime , Mintime + JacobiMi , JacobiMa    1.93021391600        1.93021208300        1.88176656600        1.88359160200       Residual    4814.84220210      MLUPs    447.618780923    
  4  Maxtime , Mintime + JacobiMi , JacobiMa    1.93105960300        1.93105767500        1.88204586300        1.88447172000       Residual    3510.79324689      MLUPs    447.422751042    
# Threadlevel provided:        3 out of        0        1        2        3
  spat_dim , proc_dim, PBC ? 
           1 -Dim Input         1200           2 T
           2 -Dim Input         1200           2 T
           3 -Dim Input          600           1 T
#   0 Process grid   2   2   1
           0           3           2
           2           3           2
           3           3           2
           1           3           2
#   0  Allocated 2 arrays with a total of  3490.68      Mbytes 
# StartResidual    0.00000000000    
  4  Maxtime , Mintime + JacobiMi , JacobiMa    1.93953384100        1.93951580800        1.88542324600        1.89108531500       Residual    8016666.66038      MLUPs    445.467865389    
  4  Maxtime , Mintime + JacobiMi , JacobiMa    1.93759320800        1.93759105300        1.88513856700        1.89073984200       Residual    1333333.33333      MLUPs    445.914032126    
  4  Maxtime , Mintime + JacobiMi , JacobiMa    1.93803287900        1.93803176100        1.88506695700        1.89116891300       Residual    283950.617189      MLUPs    445.812870030    
  4  Maxtime , Mintime + JacobiMi , JacobiMa    1.93769494100        1.93768837600        1.88501149100        1.89086971000       Residual    84362.1398990      MLUPs    445.890620716    
  4  Maxtime , Mintime + JacobiMi , JacobiMa    1.93764309600        1.93764138500        1.88539542000        1.89084261000       Residual    34550.7544587      MLUPs    445.902551292    
  4  Maxtime , Mintime + JacobiMi , JacobiMa    1.93761854700        1.93761630200        1.88517274400        1.89076573200       Residual    17801.4233996      MLUPs    445.908200733    
  4  Maxtime , Mintime + JacobiMi , JacobiMa    1.93793246900        1.93792685700        1.88553197500        1.89114031100       Residual    10595.9992565      MLUPs    445.835968911    
  4  Maxtime , Mintime + JacobiMi , JacobiMa    1.93764707500        1.93764160700        1.88522464600        1.89080763900       Residual    6918.82866006      MLUPs    445.901635622    
  4  Maxtime , Mintime + JacobiMi , JacobiMa    1.93790300200        1.93790133600        1.88562239400        1.89103776100       Residual    4814.84220210      MLUPs    445.842748119    
  4  Maxtime , Mintime + JacobiMi , JacobiMa    1.93737010100        1.93736755200        1.88532253000        1.89053928100       Residual    3510.79324689      MLUPs    445.965383462    
