# Threadlevel provided:        3 out of        0        1        2        3
  spat_dim , proc_dim, PBC ? 
           1 -Dim Input         1800           3 T
           2 -Dim Input         1200           2 T
           3 -Dim Input         1200           2 T
#   0 Process grid   3   2   2
           0           3           2
           5           3           2
           6           3           2
           7           3           2
           8           3           2
           9           3           2
          10           3           2
          11           3           2
           1           3           2
           2           3           2
           3           3           2
           4           3           2
#   0  Allocated 2 arrays with a total of  3490.68      Mbytes 
# StartResidual    0.00000000000    
  4  Maxtime , Mintime + JacobiMi , JacobiMa    1.98646099000        1.98641751400        1.90597176100        1.91860926500       Residual    16023333.3207      MLUPs    1304.83307402    
  4  Maxtime , Mintime + JacobiMi , JacobiMa    1.98507684900        1.98507019000        1.90920504900        1.92082555100       Residual    2666666.66665      MLUPs    1305.74289923    
  4  Maxtime , Mintime + JacobiMi , JacobiMa    1.98471837400        1.98471010900        1.90906366600        1.92043265900       Residual    567901.234394      MLUPs    1305.97873933    
  4  Maxtime , Mintime + JacobiMi , JacobiMa    1.98576203100        1.98575902700        1.90956463700        1.92154659600       Residual    168724.279797      MLUPs    1305.29235605    
  4  Maxtime , Mintime + JacobiMi , JacobiMa    1.98546534600        1.98545799800        1.90947551700        1.92122824000       Residual    69101.5089160      MLUPs    1305.48740386    
  4  Maxtime , Mintime + JacobiMi , JacobiMa    1.98496215100        1.98495992100        1.90922277700        1.92061075900       Residual    35602.8467980      MLUPs    1305.81834958    
  4  Maxtime , Mintime + JacobiMi , JacobiMa    1.98557430400        1.98556713700        1.90934296000        1.92111992900       Residual    21191.9985126      MLUPs    1305.41576549    
  4  Maxtime , Mintime + JacobiMi , JacobiMa    1.98536174200        1.98535791400        1.90971221400        1.92107790300       Residual    13837.6573202      MLUPs    1305.55552934    
  4  Maxtime , Mintime + JacobiMi , JacobiMa    1.98564209800        1.98563466700        1.90989297600        1.92129953100       Residual    9629.68440473      MLUPs    1305.37119585    
  4  Maxtime , Mintime + JacobiMi , JacobiMa    1.98365634800        1.98365405500        1.90718257400        1.91938947900       Residual    7021.58649346      MLUPs    1306.67794480    
# Threadlevel provided:        3 out of        0        1        2        3
           1           3           2
           2           3           2
           3           3           2
           4           3           2
           5           3           2
           6           3           2
           7           3           2
           8           3           2
           9           3           2
          10           3           2
          11           3           2
  spat_dim , proc_dim, PBC ? 
           1 -Dim Input         1800           3 T
           2 -Dim Input         1200           2 T
           3 -Dim Input         1200           2 T
#   0 Process grid   3   2   2
           0           3           2
#   0  Allocated 2 arrays with a total of  3490.68      Mbytes 
# StartResidual    0.00000000000    
  4  Maxtime , Mintime + JacobiMi , JacobiMa    1.94247696400        1.94239737500        1.88150734100        1.88936838600       Residual    16023333.3207      MLUPs    1334.37875869    
  4  Maxtime , Mintime + JacobiMi , JacobiMa    1.94025132500        1.93912415700        1.88158512600        1.88933687900       Residual    2666666.66665      MLUPs    1335.90940854    
  4  Maxtime , Mintime + JacobiMi , JacobiMa    1.93894421500        1.93894074800        1.88147081400        1.88910924200       Residual    567901.234394      MLUPs    1336.80999172    
  4  Maxtime , Mintime + JacobiMi , JacobiMa    1.93955699300        1.93955372100        1.88178790100        1.88969104000       Residual    168724.279797      MLUPs    1336.38764386    
  4  Maxtime , Mintime + JacobiMi , JacobiMa    1.93907685300        1.93907333200        1.88146342200        1.88929035600       Residual    69101.5089160      MLUPs    1336.71855037    
  4  Maxtime , Mintime + JacobiMi , JacobiMa    1.93940355100        1.93940062400        1.88176899600        1.88955497100       Residual    35602.8467980      MLUPs    1336.49337636    
  4  Maxtime , Mintime + JacobiMi , JacobiMa    1.93925575900        1.93925307400        1.88158817100        1.88934728600       Residual    21191.9985126      MLUPs    1336.59523143    
  4  Maxtime , Mintime + JacobiMi , JacobiMa    1.93921016200        1.93920394100        1.88168031500        1.88938174300       Residual    13837.6573202      MLUPs    1336.62665903    
  4  Maxtime , Mintime + JacobiMi , JacobiMa    1.93915613400        1.93915463500        1.88133468600        1.88931200200       Residual    9629.68440473      MLUPs    1336.66389960    
  4  Maxtime , Mintime + JacobiMi , JacobiMa    1.93933812400        1.93933258100        1.88163391500        1.88950234800       Residual    7021.58649346      MLUPs    1336.53846533    
