# Threadlevel provided:        3 out of        0        1        2        3
  spat_dim , proc_dim, PBC ? 
           1 -Dim Input         2400           4 T
           2 -Dim Input         1800           3 T
           3 -Dim Input          600           1 T
#   0 Process grid   4   3   1
           0           3           2
           8           3           2
           9           3           2
          10           3           2
          11           3           2
#   0  Allocated 2 arrays with a total of  3490.68      Mbytes 
           1           3           2
           2           3           2
           3           3           2
           4           3           2
           5           3           2
           6           3           2
           7           3           2
# StartResidual    0.00000000000    
  4  Maxtime , Mintime + JacobiMi , JacobiMa    1.99359597700        1.99228512700        1.91363229600        1.92329286200       Residual    19026666.6516      MLUPs    1300.16313732    
  4  Maxtime , Mintime + JacobiMi , JacobiMa    1.99219903600        1.99219598100        1.91813925500        1.92771688400       Residual    3166666.66665      MLUPs    1301.07481891    
  4  Maxtime , Mintime + JacobiMi , JacobiMa    1.99207195600        1.99206478600        1.91788463100        1.92760642300       Residual    674382.715837      MLUPs    1301.15781822    
  4  Maxtime , Mintime + JacobiMi , JacobiMa    1.99214087100        1.99213874300        1.91806928800        1.92773919100       Residual    200360.082258      MLUPs    1301.11280670    
  4  Maxtime , Mintime + JacobiMi , JacobiMa    1.99250936900        1.99250633100        1.91787200500        1.92813564100       Residual    82058.0418381      MLUPs    1300.87217673    
  4  Maxtime , Mintime + JacobiMi , JacobiMa    1.99246117700        1.99245472100        1.91778978500        1.92810108600       Residual    42278.3805730      MLUPs    1300.90364115    
  4  Maxtime , Mintime + JacobiMi , JacobiMa    1.99265426200        1.99264762100        1.91790476300        1.92834970900       Residual    25165.4982338      MLUPs    1300.77758567    
  4  Maxtime , Mintime + JacobiMi , JacobiMa    1.99290161000        1.99290000900        1.91866426200        1.92847769600       Residual    16432.2180677      MLUPs    1300.61614030    
  4  Maxtime , Mintime + JacobiMi , JacobiMa    1.99214374600        1.99214255200        1.91768866600        1.92781533600       Residual    11435.2502304      MLUPs    1301.11092897    
  4  Maxtime , Mintime + JacobiMi , JacobiMa    1.99157301700        1.99156656800        1.91764213800        1.92716312000       Residual    8338.13396113      MLUPs    1301.48379089    
# Threadlevel provided:        3 out of        0        1        2        3
  spat_dim , proc_dim, PBC ? 
           1 -Dim Input         2400           4 T
           2 -Dim Input         1800           3 T
           3 -Dim Input          600           1 T
#   0 Process grid   4   3   1
           0           3           2
           7           3           2
           8           3           2
           9           3           2
          10           3           2
          11           3           2
           1           3           2
           2           3           2
           3           3           2
           4           3           2
           5           3           2
           6           3           2
#   0  Allocated 2 arrays with a total of  3490.68      Mbytes 
# StartResidual    0.00000000000    
  4  Maxtime , Mintime + JacobiMi , JacobiMa    1.95585964200        1.95360962300        1.88168878700        1.90151018400       Residual    19026666.6516      MLUPs    1325.24847097    
  4  Maxtime , Mintime + JacobiMi , JacobiMa    1.95195394600        1.95184893700        1.88193103600        1.90153325600       Residual    3166666.66665      MLUPs    1327.90018192    
  4  Maxtime , Mintime + JacobiMi , JacobiMa    1.95161740500        1.95161526400        1.88182967700        1.90131825500       Residual    674382.715837      MLUPs    1328.12916782    
  4  Maxtime , Mintime + JacobiMi , JacobiMa    1.95189808700        1.95189065800        1.88206531800        1.90157412300       Residual    200360.082258      MLUPs    1327.93818349    
  4  Maxtime , Mintime + JacobiMi , JacobiMa    1.95178862900        1.95178328500        1.88161984000        1.90145019300       Residual    82058.0418381      MLUPs    1328.01265541    
  4  Maxtime , Mintime + JacobiMi , JacobiMa    1.95200033700        1.95199252900        1.88201387600        1.90166476900       Residual    42278.3805730      MLUPs    1327.86862321    
  4  Maxtime , Mintime + JacobiMi , JacobiMa    1.95169775000        1.95169072300        1.88178241200        1.90135017300       Residual    25165.4982338      MLUPs    1328.07449309    
  4  Maxtime , Mintime + JacobiMi , JacobiMa    1.95166172900        1.95165453600        1.88191005100        1.90133717100       Residual    16432.2180677      MLUPs    1328.09900480    
  4  Maxtime , Mintime + JacobiMi , JacobiMa    1.95185957600        1.95185736600        1.88158660200        1.90154963900       Residual    11435.2502304      MLUPs    1327.96438426    
  4  Maxtime , Mintime + JacobiMi , JacobiMa    1.95222904600        1.95222215600        1.88198836700        1.90188005100       Residual    8338.13396113      MLUPs    1327.71305975    
