# Threadlevel provided:        3 out of        0        1        2        3
  spat_dim , proc_dim, PBC ? 
           1 -Dim Input         3600           6 T
           2 -Dim Input         1200           2 T
           3 -Dim Input          600           1 T
#   0 Process grid   6   2   1
           2           3           2
           3           3           2
           4           3           2
           5           3           2
           6           3           2
           7           3           2
           8           3           2
           9           3           2
          10           3           2
          11           3           2
           0           3           2
#   0  Allocated 2 arrays with a total of  3490.68      Mbytes 
           1           3           2
# StartResidual    0.00000000000    
  4  Maxtime , Mintime + JacobiMi , JacobiMa    2.00138472400        2.00125267600        1.91963239300        1.93475751400       Residual    20029999.9842      MLUPs    1295.10331968    
  4  Maxtime , Mintime + JacobiMi , JacobiMa    2.00297972700        2.00297610200        1.92359484800        1.93912550900       Residual    3333333.33331      MLUPs    1294.07200935    
  4  Maxtime , Mintime + JacobiMi , JacobiMa    2.00313029200        2.00312821000        1.92317382500        1.93928567000       Residual    709876.542986      MLUPs    1293.97474061    
  4  Maxtime , Mintime + JacobiMi , JacobiMa    2.00325014500        2.00324113300        1.92384820200        1.93934973900       Residual    210905.349744      MLUPs    1293.89732304    
  4  Maxtime , Mintime + JacobiMi , JacobiMa    2.00384167500        2.00383947100        1.92414279600        1.94001784400       Residual    86376.8861454      MLUPs    1293.51536718    
  4  Maxtime , Mintime + JacobiMi , JacobiMa    2.00323343400        2.00323085400        1.92288693900        1.93935240800       Residual    44503.5584980      MLUPs    1293.90811675    
  4  Maxtime , Mintime + JacobiMi , JacobiMa    2.00323340100        2.00323051500        1.92378804600        1.93941264000       Residual    26489.9981408      MLUPs    1293.90813807    
  4  Maxtime , Mintime + JacobiMi , JacobiMa    2.00202199400        2.00201515100        1.92350498500        1.93819595600       Residual    17297.0716503      MLUPs    1294.69107121    
  4  Maxtime , Mintime + JacobiMi , JacobiMa    2.00308336500        2.00307295100        1.92342602500        1.93911372300       Residual    12037.1055057      MLUPs    1294.00505505    
  4  Maxtime , Mintime + JacobiMi , JacobiMa    2.00346039300        2.00345862700        1.92373476400        1.93955622400       Residual    8776.98311703      MLUPs    1293.76153831    
# Threadlevel provided:        3 out of        0        1        2        3
           1           3           2
           2           3           2
           3           3           2
           4           3           2
           5           3           2
           6           3           2
           7           3           2
           8           3           2
           9           3           2
          10           3           2
          11           3           2
  spat_dim , proc_dim, PBC ? 
           1 -Dim Input         3600           6 T
           2 -Dim Input         1200           2 T
           3 -Dim Input          600           1 T
#   0 Process grid   6   2   1
           0           3           2
#   0  Allocated 2 arrays with a total of  3490.68      Mbytes 
# StartResidual    0.00000000000    
  4  Maxtime , Mintime + JacobiMi , JacobiMa    1.94123858400        1.94000397200        1.88138974500        1.88805574300       Residual    20029999.9842      MLUPs    1335.23000283    
  4  Maxtime , Mintime + JacobiMi , JacobiMa    1.93805589000        1.93804906000        1.88136846900        1.88795303600       Residual    3333333.33331      MLUPs    1337.42273036    
  4  Maxtime , Mintime + JacobiMi , JacobiMa    1.93782692100        1.93782007700        1.88107133500        1.88776412900       Residual    709876.542986      MLUPs    1337.58075704    
  4  Maxtime , Mintime + JacobiMi , JacobiMa    1.93808394000        1.93807814700        1.88143097200        1.88802906800       Residual    210905.349744      MLUPs    1337.40337377    
  4  Maxtime , Mintime + JacobiMi , JacobiMa    1.93780717400        1.93780522100        1.88096432400        1.88781610200       Residual    86376.8861454      MLUPs    1337.59438750    
  4  Maxtime , Mintime + JacobiMi , JacobiMa    1.93786896500        1.93786273700        1.88152931900        1.88780907200       Residual    44503.5584980      MLUPs    1337.55173689    
  4  Maxtime , Mintime + JacobiMi , JacobiMa    1.93775758100        1.93775569300        1.88110489400        1.88770915500       Residual    26489.9981408      MLUPs    1337.62862053    
  4  Maxtime , Mintime + JacobiMi , JacobiMa    1.93807125900        1.93806588300        1.88150644000        1.88805453700       Residual    17297.0716503      MLUPs    1337.41212454    
  4  Maxtime , Mintime + JacobiMi , JacobiMa    1.93779572800        1.93779075000        1.88113527800        1.88770442900       Residual    12037.1055057      MLUPs    1337.60228828    
  4  Maxtime , Mintime + JacobiMi , JacobiMa    1.93805107300        1.93804574700        1.88128190700        1.88782279800       Residual    8776.98311703      MLUPs    1337.42605451    
