# Threadlevel provided:        3 out of        0        1        2        3
  spat_dim , proc_dim, PBC ? 
           1 -Dim Input         7200          12 T
           2 -Dim Input         1200           2 T
           3 -Dim Input         1200           2 T
#   0 Process grid  12   2   2
           2           3           2
           9           3           2
          10           3           2
          11           3           2
          15           3           2
          17           3           2
          18           3           2
          19           3           2
          20           3           2
          22           3           2
          23           3           2
          26           3           2
          28           3           2
          29           3           2
          30           3           2
          31           3           2
          33           3           2
          39           3           2
          40           3           2
          41           3           2
          43           3           2
          45           3           2
          46           3           2
           0           3           2
#   0  Allocated 2 arrays with a total of  3490.68      Mbytes 
           1           3           2
           3           3           2
           7           3           2
           8           3           2
          16           3           2
          21           3           2
          36           3           2
           4           3           2
           5           3           2
           6           3           2
          12           3           2
          13           3           2
          14           3           2
          24           3           2
          25           3           2
          27           3           2
          32           3           2
          34           3           2
          35           3           2
          37           3           2
          38           3           2
          47           3           2
          42           3           2
          44           3           2
# StartResidual    0.00000000000    
  4  Maxtime , Mintime + JacobiMi , JacobiMa    4.11324088400        4.11289532600        3.85708230100        3.99837134800       Residual    52053333.2921      MLUPs    2520.64012111    
  4  Maxtime , Mintime + JacobiMi , JacobiMa    4.10762635500        4.10761568900        3.85856196300        3.99785947100       Residual    8666666.66660      MLUPs    2524.08547028    
  4  Maxtime , Mintime + JacobiMi , JacobiMa    4.11206995400        4.11206450800        3.85767953400        4.00220872900       Residual    1845679.01178      MLUPs    2521.35788447    
  4  Maxtime , Mintime + JacobiMi , JacobiMa    4.15960226800        4.15959080100        3.85825930200        4.05859563300       Residual    548353.909327      MLUPs    2492.54600128    
  4  Maxtime , Mintime + JacobiMi , JacobiMa    4.11643204800        4.11641955800        3.85877274000        4.01127400900       Residual    224579.903975      MLUPs    2518.68605606    
  4  Maxtime , Mintime + JacobiMi , JacobiMa    4.12139427200        4.12137940500        3.85829602600        4.01781795200       Residual    115709.252094      MLUPs    2515.65351814    
  4  Maxtime , Mintime + JacobiMi , JacobiMa    4.11830312700        4.11829144300        3.85791465400        4.01414396800       Residual    68873.9951657      MLUPs    2517.54173510    
  4  Maxtime , Mintime + JacobiMi , JacobiMa    4.11783122400        4.11781555900        3.85878991500        4.01322434800       Residual    44972.3862910      MLUPs    2517.83024510    
  4  Maxtime , Mintime + JacobiMi , JacobiMa    4.11781981000        4.11780670300        3.85819036200        4.01327007100       Residual    31296.4743154      MLUPs    2517.83722416    
  4  Maxtime , Mintime + JacobiMi , JacobiMa    4.11751471300        4.11750296200        3.85877699800        4.01319041200       Residual    22820.1561038      MLUPs    2518.02378927    
