# Threadlevel provided:        3 out of        0        1        2        3
  spat_dim , proc_dim, PBC ? 
           1 -Dim Input         9600          16 T
           2 -Dim Input         1800           3 T
           3 -Dim Input          600           1 T
#   0 Process grid  16   3   1
          10           3           2
          11           3           2
          12           3           2
          13           3           2
          14           3           2
          15           3           2
          16           3           2
          17           3           2
          18           3           2
          19           3           2
          20           3           2
          21           3           2
          22           3           2
          25           3           2
          26           3           2
          27           3           2
          28           3           2
          29           3           2
          30           3           2
          31           3           2
          32           3           2
          33           3           2
          35           3           2
          37           3           2
          38           3           2
          39           3           2
          41           3           2
          42           3           2
          44           3           2
          45           3           2
          46           3           2
          47           3           2
           0           3           2
#   0  Allocated 2 arrays with a total of  3490.68      Mbytes 
           2           3           2
           3           3           2
           4           3           2
           5           3           2
           6           3           2
           7           3           2
           9           3           2
          43           3           2
          34           3           2
           8           3           2
          24           3           2
          40           3           2
           1           3           2
          36           3           2
          23           3           2
# StartResidual    0.00000000000    
  4  Maxtime , Mintime + JacobiMi , JacobiMa    4.07720464300        4.07708877400        3.84465038200        3.96110276500       Residual    67066666.6135      MLUPs    2542.91871707    
  4  Maxtime , Mintime + JacobiMi , JacobiMa    4.05148374700        4.05147081700        3.84122553200        3.92680309100       Residual    11166666.6666      MLUPs    2559.06246882    
  4  Maxtime , Mintime + JacobiMi , JacobiMa    4.05513744200        4.05513082100        3.84306805500        3.93510843100       Residual    2378086.41902      MLUPs    2556.75674334    
  4  Maxtime , Mintime + JacobiMi , JacobiMa    4.05549851100        4.05547974800        3.84160484400        3.93578217500       Residual    706532.921637      MLUPs    2556.52911026    
  4  Maxtime , Mintime + JacobiMi , JacobiMa    4.05449283800        4.05447584600        3.84206378800        3.93051533700       Residual    289362.568584      MLUPs    2557.16322960    
  4  Maxtime , Mintime + JacobiMi , JacobiMa    4.05722309300        4.05720159300        3.84275752400        3.93387696600       Residual    149086.920966      MLUPs    2555.44242018    
  4  Maxtime , Mintime + JacobiMi , JacobiMa    4.05980982000        4.05978268200        3.84418978400        3.94146431600       Residual    88741.4937712      MLUPs    2553.81420798    
  4  Maxtime , Mintime + JacobiMi , JacobiMa    4.05749351100        4.05747370900        3.85138853600        3.93374168300       Residual    57945.1900286      MLUPs    2555.27210873    
  4  Maxtime , Mintime + JacobiMi , JacobiMa    4.07238249100        4.07236498900        3.85036406700        3.95421023400       Residual    40324.3034448      MLUPs    2545.92981453    
  4  Maxtime , Mintime + JacobiMi , JacobiMa    4.08684171100        4.08682171600        3.84637462300        3.97327517600       Residual    29402.8934415      MLUPs    2536.92233102    
