# Threadlevel provided:        3 out of        0        1        2        3
  spat_dim , proc_dim, PBC ? 
           1 -Dim Input        14400          24 T
           2 -Dim Input          600           1 T
           3 -Dim Input          600           1 T
#   0 Process grid  24   1   1
           3           3           2
           4           3           2
           5           3           2
           6           3           2
           7           3           2
           8           3           2
           9           3           2
          10           3           2
          11           3           2
          12           3           2
          13           3           2
          14           3           2
          15           3           2
          16           3           2
          17           3           2
          18           3           2
          19           3           2
          20           3           2
          21           3           2
          22           3           2
          23           3           2
           0           3           2
#   0  Allocated 2 arrays with a total of  3490.68      Mbytes 
           1           3           2
           2           3           2
# StartResidual    0.00000000000    
  4  Maxtime , Mintime + JacobiMi , JacobiMa    3.04475743000        3.04442132600        2.88217422900        2.94892124300       Residual    49086666.6282      MLUPs    1702.59868616    
  4  Maxtime , Mintime + JacobiMi , JacobiMa    3.04356945200        3.04355676500        2.88208094500        2.95033233100       Residual    8166666.66664      MLUPs    1703.26325118    
  4  Maxtime , Mintime + JacobiMi , JacobiMa    3.04414085900        3.04413288100        2.88311101900        2.95122520800       Residual    1739197.53031      MLUPs    1702.94353649    
  4  Maxtime , Mintime + JacobiMi , JacobiMa    3.04418363000        3.04417520300        2.88221021400        2.95104067000       Residual    516718.106874      MLUPs    1702.91961001    
  4  Maxtime , Mintime + JacobiMi , JacobiMa    3.04456577900        3.04454784400        2.88334408700        2.95153410700       Residual    211623.371059      MLUPs    1702.70586228    
  4  Maxtime , Mintime + JacobiMi , JacobiMa    3.04568537600        3.04567078200        2.88389219100        2.95174284700       Residual    109033.718322      MLUPs    1702.07994590    
  4  Maxtime , Mintime + JacobiMi , JacobiMa    3.04536713600        3.04535251700        2.88364294100        2.95183949800       Residual    64900.4954457      MLUPs    1702.25781277    
  4  Maxtime , Mintime + JacobiMi , JacobiMa    3.04599772800        3.04598386900        2.88381694100        2.95285645900       Residual    42377.8255432      MLUPs    1701.90540602    
  4  Maxtime , Mintime + JacobiMi , JacobiMa    3.04541038700        3.04539482700        2.88554817600        2.95243516600       Residual    29490.9084880      MLUPs    1702.23363726    
  4  Maxtime , Mintime + JacobiMi , JacobiMa    3.04749686600        3.04748305100        2.88644341700        2.95431735900       Residual    21503.6086373      MLUPs    1701.06819726    
