# Threadlevel provided:        3 out of        0        1        2        3
  spat_dim , proc_dim, PBC ? 
           1 -Dim Input        14400          24 T
           2 -Dim Input         1200           2 T
           3 -Dim Input          600           1 T
#   0 Process grid  24   2   1
          12           3           2
          13           3           2
          15           3           2
          16           3           2
          17           3           2
          19           3           2
          21           3           2
          24           3           2
          25           3           2
          28           3           2
          31           3           2
          32           3           2
          33           3           2
          35           3           2
          36           3           2
          37           3           2
          39           3           2
          40           3           2
          41           3           2
          44           3           2
          45           3           2
          47           3           2
           0           3           2
#   0  Allocated 2 arrays with a total of  3490.68      Mbytes 
           1           3           2
           3           3           2
           4           3           2
           5           3           2
           7           3           2
           8           3           2
           9           3           2
           2           3           2
           6           3           2
          10           3           2
          14           3           2
          18           3           2
          20           3           2
          22           3           2
          26           3           2
          30           3           2
          34           3           2
          38           3           2
          42           3           2
          46           3           2
          11           3           2
          23           3           2
          27           3           2
          29           3           2
          43           3           2
# StartResidual    0.00000000000    
  4  Maxtime , Mintime + JacobiMi , JacobiMa    4.09692490400        4.09652716100        3.85409531700        3.98410835400       Residual    74089999.9415      MLUPs    2530.67855598    
  4  Maxtime , Mintime + JacobiMi , JacobiMa    4.08923231600        4.08921234600        3.85556914000        3.97700403000       Residual    12333333.3332      MLUPs    2535.43922155    
  4  Maxtime , Mintime + JacobiMi , JacobiMa    4.09181292600        4.09178744000        3.85454065500        3.97937845700       Residual    2626543.20907      MLUPs    2533.84017977    
  4  Maxtime , Mintime + JacobiMi , JacobiMa    4.09774493500        4.09772026500        3.85422138000        3.98734858700       Residual    780349.794049      MLUPs    2530.17212258    
  4  Maxtime , Mintime + JacobiMi , JacobiMa    4.09459673700        4.09457878700        3.85448304000        3.98199615800       Residual    319594.478736      MLUPs    2532.11748701    
  4  Maxtime , Mintime + JacobiMi , JacobiMa    4.09344606900        4.09342982600        3.85573576000        3.98013149500       Residual    164663.166441      MLUPs    2532.82926542    
  4  Maxtime , Mintime + JacobiMi , JacobiMa    4.10332580400        4.10331038500        3.85302703200        3.99705799200       Residual    98012.9931205      MLUPs    2526.73087521    
  4  Maxtime , Mintime + JacobiMi , JacobiMa    4.09874633600        4.09873297700        3.85410325800        3.98706004000       Residual    63999.1651062      MLUPs    2529.55395384    
  4  Maxtime , Mintime + JacobiMi , JacobiMa    4.09186465800        4.09184251700        3.85382604900        3.97948104900       Residual    44537.2903721      MLUPs    2533.80814532    
  4  Maxtime , Mintime + JacobiMi , JacobiMa    4.09398833800        4.09398075000        3.85431917900        3.98261537500       Residual    32474.8375327      MLUPs    2532.49377966    
