# Threadlevel provided:        3 out of        0        1        2        3
  spat_dim , proc_dim, PBC ? 
           1 -Dim Input        28800          48 T
           2 -Dim Input          600           1 T
           3 -Dim Input          600           1 T
#   0 Process grid  48   1   1
          14           3           2
          16           3           2
          17           3           2
          19           3           2
          20           3           2
          22           3           2
          23           3           2
          24           3           2
          25           3           2
          26           3           2
          27           3           2
          28           3           2
          30           3           2
          31           3           2
          32           3           2
          34           3           2
          35           3           2
          36           3           2
          38           3           2
          39           3           2
          40           3           2
          42           3           2
          46           3           2
           0           3           2
#   0  Allocated 2 arrays with a total of  3490.68      Mbytes 
           1           3           2
           2           3           2
           3           3           2
           4           3           2
           6           3           2
           7           3           2
           8           3           2
           9           3           2
          11           3           2
          12           3           2
          15           3           2
          33           3           2
          41           3           2
          44           3           2
          47           3           2
          13           3           2
          21           3           2
          29           3           2
          45           3           2
           5           3           2
          10           3           2
          37           3           2
          43           3           2
          18           3           2
# StartResidual    0.00000000000    
  4  Maxtime , Mintime + JacobiMi , JacobiMa    4.06664545700        4.06626613800        3.85078933600        3.94618545800       Residual    97166666.5904      MLUPs    2549.52149373    
  4  Maxtime , Mintime + JacobiMi , JacobiMa    4.06318702900        4.06316655300        3.85095687200        3.94777344000       Residual    16166666.6666      MLUPs    2551.69154804    
  4  Maxtime , Mintime + JacobiMi , JacobiMa    4.06922472400        4.06921442200        3.85106724000        3.95303081300       Residual    3442901.23349      MLUPs    2547.90548648    
  4  Maxtime , Mintime + JacobiMi , JacobiMa    4.06646990300        4.06645343900        3.84786011300        3.95032999400       Residual    1022890.94626      MLUPs    2549.63155939    
  4  Maxtime , Mintime + JacobiMi , JacobiMa    4.06642691000        4.06641200100        3.85197729300        3.95059057400       Residual    418927.897809      MLUPs    2549.65851581    
  4  Maxtime , Mintime + JacobiMi , JacobiMa    4.06810913000        4.06774079600        3.84244834900        3.95044907900       Residual    215842.258718      MLUPs    2548.60419637    
  4  Maxtime , Mintime + JacobiMi , JacobiMa    4.06711897900        4.06711005100        3.84652503000        3.94832285000       Residual    128476.490984      MLUPs    2549.22466088    
  4  Maxtime , Mintime + JacobiMi , JacobiMa    4.07597364800        4.07292539500        3.84692491100        3.95686269200       Residual    83890.7975040      MLUPs    2543.68671031    
  4  Maxtime , Mintime + JacobiMi , JacobiMa    4.07698989400        4.07697022600        3.84670103700        3.96193093400       Residual    58379.9617010      MLUPs    2543.05266129    
  4  Maxtime , Mintime + JacobiMi , JacobiMa    4.06902508800        4.06899749300        3.84785387000        3.95071703900       Residual    42568.3681188      MLUPs    2548.03049275    
