# Threadlevel provided:        3 out of        0        1        2        3
  spat_dim , proc_dim, PBC ? 
           1 -Dim Input         3600           6 T
           2 -Dim Input         1200           2 T
           3 -Dim Input         1200           2 T
#   0 Process grid   6   2   2
           2           3           2
           3           3           2
           4           3           2
           5           3           2
           6           3           2
           7           3           2
           8           3           2
           9           3           2
          10           3           2
          11           3           2
          12           3           2
          13           3           2
          14           3           2
          15           3           2
          16           3           2
          17           3           2
          18           3           2
          19           3           2
          20           3           2
          21           3           2
          22           3           2
          23           3           2
           0           3           2
#   0  Allocated 2 arrays with a total of  3490.68      Mbytes 
           1           3           2
# StartResidual    0.00000000000    
  4  Maxtime , Mintime + JacobiMi , JacobiMa    3.04952371200        3.04940159800        2.88801514900        2.95251485500       Residual    28033333.3112      MLUPs    1699.93759340    
  4  Maxtime , Mintime + JacobiMi , JacobiMa    3.04813813100        3.04812940200        2.88721904400        2.95351262600       Residual    4666666.66664      MLUPs    1700.71032782    
  4  Maxtime , Mintime + JacobiMi , JacobiMa    3.04968241000        3.04967138900        2.88696952000        2.95521439100       Residual    993827.160188      MLUPs    1699.84913282    
  4  Maxtime , Mintime + JacobiMi , JacobiMa    3.04787155600        3.04785924300        2.88798770400        2.95259969900       Residual    295267.489640      MLUPs    1700.85907649    
  4  Maxtime , Mintime + JacobiMi , JacobiMa    3.04928421400        3.04927419600        2.88831008600        2.95467519200       Residual    120927.640602      MLUPs    1700.07111052    
  4  Maxtime , Mintime + JacobiMi , JacobiMa    3.05011845800        3.05010753700        2.88793652600        2.95554643000       Residual    62304.9818966      MLUPs    1699.60612067    
  4  Maxtime , Mintime + JacobiMi , JacobiMa    3.04951008300        3.04950100600        2.88803000600        2.95497736100       Residual    37085.9973970      MLUPs    1699.94519084    
  4  Maxtime , Mintime + JacobiMi , JacobiMa    3.04830327500        3.04829648900        2.88813936800        2.95401073600       Residual    24215.9003105      MLUPs    1700.61819062    
  4  Maxtime , Mintime + JacobiMi , JacobiMa    3.04762050800        3.04761102600        2.88847900400        2.95313206900       Residual    16851.9477083      MLUPs    1700.99918490    
  4  Maxtime , Mintime + JacobiMi , JacobiMa    3.04971941600        3.04970632300        2.88835205000        2.95514688500       Residual    12287.7763636      MLUPs    1699.82850645    
