# Threadlevel provided:        3 out of        0        1        2        3
  spat_dim , proc_dim, PBC ? 
           1 -Dim Input         3600           6 T
           2 -Dim Input         1200           2 T
           3 -Dim Input          600           1 T
#   0 Process grid   6   2   1
           5           3           2
           6           3           2
           7           3           2
           8           3           2
           9           3           2
          10           3           2
          11           3           2
           0           3           2
#   0  Allocated 2 arrays with a total of  3490.68      Mbytes 
           1           3           2
           2           3           2
           3           3           2
           4           3           2
# StartResidual    0.00000000000    
  4  Maxtime , Mintime + JacobiMi , JacobiMa    3.04694737600        3.04641369000        2.93925834500        2.95216022200       Residual    20029999.9842      MLUPs    850.687484929    
  4  Maxtime , Mintime + JacobiMi , JacobiMa    3.04436594300        3.04436452700        2.93992231400        2.95276557700       Residual    3333333.33331      MLUPs    851.408815014    
  4  Maxtime , Mintime + JacobiMi , JacobiMa    3.04379790400        3.04378592100        2.93919549400        2.95208470000       Residual    709876.542986      MLUPs    851.567706448    
  4  Maxtime , Mintime + JacobiMi , JacobiMa    3.04542264000        3.04541682700        2.94040167900        2.95319167400       Residual    210905.349744      MLUPs    851.113394232    
  4  Maxtime , Mintime + JacobiMi , JacobiMa    3.04484028400        3.04483862700        2.93953005900        2.95259750100       Residual    86376.8861454      MLUPs    851.276178137    
  4  Maxtime , Mintime + JacobiMi , JacobiMa    3.04467476500        3.04466642700        2.93994889800        2.95293846600       Residual    44503.5584980      MLUPs    851.322456440    
  4  Maxtime , Mintime + JacobiMi , JacobiMa    3.04505184400        3.04504265700        2.94095689900        2.95333370800       Residual    26489.9981408      MLUPs    851.217034320    
  4  Maxtime , Mintime + JacobiMi , JacobiMa    3.04467530600        3.04466802900        2.94029623400        2.95288686700       Residual    17297.0716503      MLUPs    851.322305171    
  4  Maxtime , Mintime + JacobiMi , JacobiMa    3.04608021800        3.04607026900        2.94156890000        2.95421843000       Residual    12037.1055057      MLUPs    850.929658610    
  4  Maxtime , Mintime + JacobiMi , JacobiMa    3.04661157200        3.04660314900        2.94213736400        2.95485518200       Residual    8776.98311703      MLUPs    850.781249511    
