# Threadlevel provided:        3 out of        0        1        2        3
  spat_dim , proc_dim, PBC ? 
           1 -Dim Input         3600           6 T
           2 -Dim Input         2400           4 T
           3 -Dim Input          600           1 T
#   0 Process grid   6   4   1
          22           3           2
          23           3           2
           0           3           2
#   0  Allocated 2 arrays with a total of  3490.68      Mbytes 
           1           3           2
           2           3           2
           3           3           2
           4           3           2
           5           3           2
           6           3           2
           7           3           2
           8           3           2
           9           3           2
          10           3           2
          11           3           2
          12           3           2
          13           3           2
          14           3           2
          15           3           2
          16           3           2
          17           3           2
          18           3           2
          19           3           2
          20           3           2
          21           3           2
# StartResidual    0.00000000000    
  4  Maxtime , Mintime + JacobiMi , JacobiMa    3.06467205400        3.06420550700        2.88704509400        2.96898161500       Residual    34036666.6397      MLUPs    1691.53498601    
  4  Maxtime , Mintime + JacobiMi , JacobiMa    3.06085764900        3.06084744800        2.88737958200        2.96778986300       Residual    5666666.66663      MLUPs    1693.64295713    
  4  Maxtime , Mintime + JacobiMi , JacobiMa    3.06297309700        3.06296019600        2.88795874800        2.96987368300       Residual    1206790.12308      MLUPs    1692.47323951    
  4  Maxtime , Mintime + JacobiMi , JacobiMa    3.06273486300        3.06272672700        2.88741014600        2.96967473500       Residual    358539.094565      MLUPs    1692.60488808    
  4  Maxtime , Mintime + JacobiMi , JacobiMa    3.06501063500        3.06500751700        2.88797369100        2.97190232300       Residual    146840.706446      MLUPs    1691.34812806    
  4  Maxtime , Mintime + JacobiMi , JacobiMa    3.06300897400        3.06299789100        2.88734399500        2.96991418700       Residual    75656.0494459      MLUPs    1692.45341558    
  4  Maxtime , Mintime + JacobiMi , JacobiMa    3.06478122200        3.06477786600        2.88719910500        2.97167187200       Residual    45032.9968392      MLUPs    1691.47473327    
  4  Maxtime , Mintime + JacobiMi , JacobiMa    3.06485430300        3.06484638000        2.88735164000        2.97171315000       Residual    29405.0218055      MLUPs    1691.43440030    
  4  Maxtime , Mintime + JacobiMi , JacobiMa    3.06387088800        3.06386001700        2.88763467900        2.97064455700       Residual    20463.0793599      MLUPs    1691.97730241    
  4  Maxtime , Mintime + JacobiMi , JacobiMa    3.06526514500        3.06525354400        2.88901290500        2.97213422400       Residual    14920.8712987      MLUPs    1691.20769486    
