# Threadlevel provided:        3 out of        0        1        2        3
  spat_dim , proc_dim, PBC ? 
           1 -Dim Input         3600           6 T
           2 -Dim Input         2400           4 T
           3 -Dim Input         1200           2 T
#   0 Process grid   6   4   2
           9           3           2
          10           3           2
          11           3           2
          12           3           2
          14           3           2
          16           3           2
          18           3           2
          20           3           2
          22           3           2
          24           3           2
          26           3           2
          28           3           2
          33           3           2
          34           3           2
          35           3           2
          36           3           2
          40           3           2
          42           3           2
          43           3           2
          46           3           2
           0           3           2
#   0  Allocated 2 arrays with a total of  3490.68      Mbytes 
           1           3           2
           3           3           2
           4           3           2
           6           3           2
           8           3           2
          17           3           2
          19           3           2
          25           3           2
          32           3           2
          27           3           2
          30           3           2
          41           3           2
           7           3           2
          15           3           2
          23           3           2
          31           3           2
          38           3           2
          39           3           2
          47           3           2
           2           3           2
          44           3           2
          13           3           2
          21           3           2
          29           3           2
          37           3           2
          45           3           2
           5           3           2
# StartResidual    0.00000000000    
  4  Maxtime , Mintime + JacobiMi , JacobiMa    4.11004578200        4.10975451800        3.85682614800        3.99166071800       Residual    44039999.9650      MLUPs    2522.59963755    
  4  Maxtime , Mintime + JacobiMi , JacobiMa    4.09973199400        4.09971911700        3.85745950800        3.97558544200       Residual    7333333.33329      MLUPs    2528.94579821    
  4  Maxtime , Mintime + JacobiMi , JacobiMa    4.09168262500        4.09132198600        3.85540810800        3.97776146500       Residual    1561728.39458      MLUPs    2533.92087076    
  4  Maxtime , Mintime + JacobiMi , JacobiMa    4.10360162100        4.10359078400        3.85553810500        3.98933037400       Residual    463991.769434      MLUPs    2526.56104504    
  4  Maxtime , Mintime + JacobiMi , JacobiMa    4.09452840100        4.09450674800        3.85595042300        3.98072761800       Residual    190029.149518      MLUPs    2532.15974701    
  4  Maxtime , Mintime + JacobiMi , JacobiMa    4.09967204300        4.09964833700        3.85726973700        3.97782216100       Residual    97907.8286944      MLUPs    2528.98277990    
  4  Maxtime , Mintime + JacobiMi , JacobiMa    4.10449033600        4.10446396600        3.85708417900        3.98899483900       Residual    58277.9959096      MLUPs    2526.01398743    
  4  Maxtime , Mintime + JacobiMi , JacobiMa    4.09657559200        4.09656169500        3.85760655500        3.98129890400       Residual    38053.5576307      MLUPs    2530.89434508    
  4  Maxtime , Mintime + JacobiMi , JacobiMa    4.09505407500        4.09503843700        3.85680952600        3.97892757100       Residual    26481.6321129      MLUPs    2531.83469867    
  4  Maxtime , Mintime + JacobiMi , JacobiMa    4.09865922900        4.09864313600        3.85862342800        3.98194496500       Residual    19309.3628569      MLUPs    2529.60771333    
