# Threadlevel provided:        3 out of        0        1        2        3
  spat_dim , proc_dim, PBC ? 
           1 -Dim Input         4800           8 T
           2 -Dim Input         1800           3 T
           3 -Dim Input          600           1 T
#   0 Process grid   8   3   1
          11           3           2
          12           3           2
          13           3           2
          14           3           2
          15           3           2
          16           3           2
          17           3           2
          18           3           2
          19           3           2
          20           3           2
          21           3           2
          22           3           2
          23           3           2
           0           3           2
#   0  Allocated 2 arrays with a total of  3490.68      Mbytes 
           1           3           2
           2           3           2
           3           3           2
           4           3           2
           5           3           2
           6           3           2
           7           3           2
           8           3           2
           9           3           2
          10           3           2
# StartResidual    0.00000000000    
  4  Maxtime , Mintime + JacobiMi , JacobiMa    3.05351751700        3.05316812200        2.88988260700        2.95882144000       Residual    35039999.9723      MLUPs    1697.71418410    
  4  Maxtime , Mintime + JacobiMi , JacobiMa    3.05100981300        3.05100558300        2.88979552700        2.95893147200       Residual    5833333.33330      MLUPs    1699.10957936    
  4  Maxtime , Mintime + JacobiMi , JacobiMa    3.05067186900        3.05066782700        2.88980937800        2.95885292500       Residual    1242283.95023      MLUPs    1699.29780147    
  4  Maxtime , Mintime + JacobiMi , JacobiMa    3.05147438400        3.05146417900        2.88922850500        2.95932863400       Residual    369084.362051      MLUPs    1698.85089883    
  4  Maxtime , Mintime + JacobiMi , JacobiMa    3.05065343400        3.05064330900        2.88955366800        2.95840208100       Residual    151159.550754      MLUPs    1699.30807027    
  4  Maxtime , Mintime + JacobiMi , JacobiMa    3.05173857300        3.05172404900        2.88950016700        2.95944905800       Residual    77881.2273708      MLUPs    1698.70382931    
  4  Maxtime , Mintime + JacobiMi , JacobiMa    3.05048202000        3.05047278300        2.88957745200        2.95753570500       Residual    46357.4967463      MLUPs    1699.40355852    
  4  Maxtime , Mintime + JacobiMi , JacobiMa    3.05219568900        3.05218480000        2.88993726300        2.96022085900       Residual    30269.8753880      MLUPs    1698.44942075    
  4  Maxtime , Mintime + JacobiMi , JacobiMa    3.05161570300        3.05161001700        2.89049950500        2.95948154100       Residual    21064.9346352      MLUPs    1698.77222578    
  4  Maxtime , Mintime + JacobiMi , JacobiMa    3.05313860200        3.05312912300        2.88973107300        2.96107639800       Residual    15359.7204546      MLUPs    1697.92488183    
