# Threadlevel provided:        3 out of        0        1        2        3
  spat_dim , proc_dim, PBC ? 
           1 -Dim Input         4800           8 T
           2 -Dim Input         1800           3 T
           3 -Dim Input         1200           2 T
#   0 Process grid   8   3   2
           1           3           2
           2           3           2
           3           3           2
           4           3           2
           5           3           2
           8           3           2
          10           3           2
          11           3           2
          12           3           2
          14           3           2
          16           3           2
          17           3           2
          18           3           2
          19           3           2
          20           3           2
          23           3           2
          25           3           2
          26           3           2
          27           3           2
          28           3           2
          29           3           2
          31           3           2
          32           3           2
          33           3           2
          35           3           2
          37           3           2
          39           3           2
          40           3           2
          42           3           2
          43           3           2
          46           3           2
          47           3           2
           0           3           2
#   0  Allocated 2 arrays with a total of  3490.68      Mbytes 
           6           3           2
           7           3           2
          13           3           2
          15           3           2
          21           3           2
          22           3           2
          30           3           2
          36           3           2
          38           3           2
          41           3           2
          45           3           2
          44           3           2
          24           3           2
           9           3           2
          34           3           2
# StartResidual    0.00000000000    
  4  Maxtime , Mintime + JacobiMi , JacobiMa    4.07381596500        4.07344446100        3.84502396600        3.94978340100       Residual    46043333.2968      MLUPs    2545.03396547    
  4  Maxtime , Mintime + JacobiMi , JacobiMa    4.06569261400        4.06567182000        3.85005049800        3.94188778600       Residual    7666666.66662      MLUPs    2550.11900415    
  4  Maxtime , Mintime + JacobiMi , JacobiMa    4.06832968000        4.06830938400        3.84993858400        3.94475586900       Residual    1632716.04888      MLUPs    2548.46603287    
  4  Maxtime , Mintime + JacobiMi , JacobiMa    4.07350432700        4.07348942300        3.85052044700        3.95236150800       Residual    485082.304407      MLUPs    2545.22866989    
  4  Maxtime , Mintime + JacobiMi , JacobiMa    4.08004246900        4.08001886300        3.85046042900        3.96006020300       Residual    198666.838132      MLUPs    2541.15001958    
  4  Maxtime , Mintime + JacobiMi , JacobiMa    4.07262274400        4.07260549200        3.85047394400        3.94575091400       Residual    102358.184544      MLUPs    2545.77962451    
  4  Maxtime , Mintime + JacobiMi , JacobiMa    4.07096467100        4.07094924000        3.84816163900        3.94722077200       Residual    60926.9957236      MLUPs    2546.81650122    
  4  Maxtime , Mintime + JacobiMi , JacobiMa    4.08019708100        4.08018454400        3.85065905100        3.95821055600       Residual    39783.2647958      MLUPs    2541.05372711    
  4  Maxtime , Mintime + JacobiMi , JacobiMa    4.07439168200        4.07437255600        3.84978105600        3.95033504500       Residual    27685.3426636      MLUPs    2544.67434876    
  4  Maxtime , Mintime + JacobiMi , JacobiMa    4.07057221600        4.07025556100        3.85018974100        3.94573129400       Residual    20187.0611687      MLUPs    2547.06204677    
