# Threadlevel provided:        3 out of        0        1        2        3
  spat_dim , proc_dim, PBC ? 
           1 -Dim Input         4800           8 T
           2 -Dim Input         3600           6 T
           3 -Dim Input          600           1 T
#   0 Process grid   8   6   1
           1           3           2
           2           3           2
           3           3           2
           4           3           2
           8           3           2
          10           3           2
          14           3           2
          16           3           2
          17           3           2
          18           3           2
          19           3           2
          20           3           2
          21           3           2
          22           3           2
          24           3           2
          25           3           2
          26           3           2
          27           3           2
          28           3           2
          30           3           2
          32           3           2
          33           3           2
          34           3           2
          35           3           2
          36           3           2
          37           3           2
          38           3           2
          40           3           2
          41           3           2
          42           3           2
          43           3           2
          44           3           2
          45           3           2
          46           3           2
           0           3           2
#   0  Allocated 2 arrays with a total of  3490.68      Mbytes 
           5           3           2
           9           3           2
          11           3           2
          12           3           2
          13           3           2
          29           3           2
          39           3           2
           6           3           2
           7           3           2
          23           3           2
          15           3           2
          31           3           2
          47           3           2
# StartResidual    0.00000000000    
  4  Maxtime , Mintime + JacobiMi , JacobiMa    4.08822267900        4.08784948400        3.85643928800        3.97272223100       Residual    62049999.9507      MLUPs    2536.06537952    
  4  Maxtime , Mintime + JacobiMi , JacobiMa    4.08179455200        4.08177312100        3.85765649400        3.96880236200       Residual    10333333.3333      MLUPs    2540.05924794    
  4  Maxtime , Mintime + JacobiMi , JacobiMa    4.08235523600        4.08234731900        3.85696373000        3.96904069400       Residual    2200617.28328      MLUPs    2539.71038791    
  4  Maxtime , Mintime + JacobiMi , JacobiMa    4.08524632700        4.08523495700        3.85806985800        3.97273612900       Residual    653806.584203      MLUPs    2537.91305838    
  4  Maxtime , Mintime + JacobiMi , JacobiMa    4.08278960800        4.08277187700        3.85743790400        3.96987138500       Residual    267768.347048      MLUPs    2539.44018562    
  4  Maxtime , Mintime + JacobiMi , JacobiMa    4.08435285300        4.08433639200        3.85614566400        3.96995022500       Residual    137961.031342      MLUPs    2538.46824042    
  4  Maxtime , Mintime + JacobiMi , JacobiMa    4.08261437500        4.07730307900        3.85553183500        3.96938700600       Residual    82118.9942360      MLUPs    2539.54918287    
  4  Maxtime , Mintime + JacobiMi , JacobiMa    4.08277339200        4.08276276100        3.85797998600        3.96938621000       Residual    53620.9221160      MLUPs    2539.45027180    
  4  Maxtime , Mintime + JacobiMi , JacobiMa    4.08381635600        4.08380955500        3.85727653600        3.97040471900       Residual    37315.0270683      MLUPs    2538.80172275    
  4  Maxtime , Mintime + JacobiMi , JacobiMa    4.08712277400        4.08711359400        3.85745591700        3.97441022300       Residual    27208.6476621      MLUPs    2536.74787211    
