# Threadlevel provided:        3 out of        0        1        2        3
  spat_dim , proc_dim, PBC ? 
           1 -Dim Input         9600          16 T
           2 -Dim Input         1800           3 T
           3 -Dim Input          600           1 T
#   0 Process grid  16   3   1
           7           3           2
           8           3           2
           9           3           2
          10           3           2
          12           3           2
          13           3           2
          14           3           2
          15           3           2
          16           3           2
          17           3           2
          18           3           2
          19           3           2
          21           3           2
          22           3           2
          23           3           2
           0           3           2
#   0  Allocated 2 arrays with a total of  3490.68      Mbytes 
           1           3           2
           2           3           2
           3           3           2
           4           3           2
           5           3           2
           6           3           2
          11           3           2
          20           3           2
          24           3           2
          25           3           2
          26           3           2
          27           3           2
          28           3           2
          29           3           2
          30           3           2
          31           3           2
          32           3           2
          33           3           2
          34           3           2
          35           3           2
          36           3           2
          37           3           2
          38           3           2
          39           3           2
          40           3           2
          41           3           2
          42           3           2
          43           3           2
          44           3           2
          45           3           2
          46           3           2
          47           3           2
# StartResidual    0.00000000000    
  4  Maxtime , Mintime + JacobiMi , JacobiMa    2.02734335000        1.95508363400        1.88385248600        1.93336801400       Residual    67066666.6135      MLUPs    5114.08193388    
  4  Maxtime , Mintime + JacobiMi , JacobiMa    1.97211512500        1.97210191800        1.88731515600        1.91778606800       Residual    11166666.6666      MLUPs    5257.29957068    
  4  Maxtime , Mintime + JacobiMi , JacobiMa    1.98585359900        1.98584540500        1.88834775200        1.93220282900       Residual    2378086.41902      MLUPs    5220.92867532    
  4  Maxtime , Mintime + JacobiMi , JacobiMa    1.98011929000        1.98010717400        1.88867338800        1.92668204800       Residual    706532.921637      MLUPs    5236.04817768    
  4  Maxtime , Mintime + JacobiMi , JacobiMa    1.97830807000        1.97829000500        1.88831317000        1.92400347800       Residual    289362.568584      MLUPs    5240.84198878    
  4  Maxtime , Mintime + JacobiMi , JacobiMa    1.97121375700        1.97119839500        1.88801228600        1.91711635900       Residual    149086.920966      MLUPs    5259.70355228    
  4  Maxtime , Mintime + JacobiMi , JacobiMa    1.97614973400        1.97614028700        1.88912795400        1.92172988200       Residual    88741.4937712      MLUPs    5246.56599731    
  4  Maxtime , Mintime + JacobiMi , JacobiMa    1.97114199900        1.97112409400        1.88840142100        1.91701101800       Residual    57945.1900286      MLUPs    5259.89502799    
  4  Maxtime , Mintime + JacobiMi , JacobiMa    1.98129581600        1.98128362500        1.88858485300        1.91706836700       Residual    40324.3034448      MLUPs    5232.93892627    
  4  Maxtime , Mintime + JacobiMi , JacobiMa    1.97678994300        1.97660539500        1.88868553600        1.92194478300       Residual    29402.8934415      MLUPs    5244.86682903    
# Threadlevel provided:        3 out of        0        1        2        3
  spat_dim , proc_dim, PBC ? 
           1 -Dim Input         9600          16 T
           2 -Dim Input         1800           3 T
           3 -Dim Input          600           1 T
#   0 Process grid  16   3   1
          12           3           2
          14           3           2
          16           3           2
          18           3           2
          20           3           2
          22           3           2
          24           3           2
          26           3           2
          28           3           2
          30           3           2
          32           3           2
          34           3           2
          36           3           2
          38           3           2
          40           3           2
          42           3           2
          44           3           2
          46           3           2
           0           3           2
#   0  Allocated 2 arrays with a total of  3490.68      Mbytes 
           2           3           2
           4           3           2
           6           3           2
           8           3           2
          10           3           2
           1           3           2
           3           3           2
           5           3           2
           7           3           2
           9           3           2
          11           3           2
          13           3           2
          15           3           2
          17           3           2
          19           3           2
          21           3           2
          23           3           2
          25           3           2
          27           3           2
          29           3           2
          31           3           2
          33           3           2
          35           3           2
          37           3           2
          39           3           2
          41           3           2
          43           3           2
          45           3           2
          47           3           2
# StartResidual    0.00000000000    
  4  Maxtime , Mintime + JacobiMi , JacobiMa    2.00851262600        1.99953349700        1.88255180000        1.91455571700       Residual    67066666.6135      MLUPs    5162.02878976    
  4  Maxtime , Mintime + JacobiMi , JacobiMa    1.98488352400        1.98391285800        1.88451596800        1.93095568100       Residual    11166666.6666      MLUPs    5223.48030735    
  4  Maxtime , Mintime + JacobiMi , JacobiMa    1.97097633100        1.97079905900        1.88545615700        1.91765033300       Residual    2378086.41902      MLUPs    5260.33714202    
  4  Maxtime , Mintime + JacobiMi , JacobiMa    1.97455812100        1.97454802600        1.88482246900        1.92142450800       Residual    706532.921637      MLUPs    5250.79504611    
  4  Maxtime , Mintime + JacobiMi , JacobiMa    1.97388856800        1.97388057700        1.88467959100        1.92118975300       Residual    289362.568584      MLUPs    5252.57614238    
  4  Maxtime , Mintime + JacobiMi , JacobiMa    1.97268690700        1.97267723300        1.88589779700        1.91870748600       Residual    149086.920966      MLUPs    5255.77574587    
  4  Maxtime , Mintime + JacobiMi , JacobiMa    1.97418025500        1.97417218100        1.88591572300        1.92057528800       Residual    88741.4937712      MLUPs    5251.80006929    
  4  Maxtime , Mintime + JacobiMi , JacobiMa    1.97219679500        1.97218253400        1.88676711200        1.91852318800       Residual    57945.1900286      MLUPs    5257.08186236    
  4  Maxtime , Mintime + JacobiMi , JacobiMa    1.97246383700        1.97245578000        1.88674332200        1.91893812000       Residual    40324.3034448      MLUPs    5256.37013238    
  4  Maxtime , Mintime + JacobiMi , JacobiMa    1.97896566200        1.97875242400        1.88676479100        1.92681534900       Residual    29402.8934415      MLUPs    5239.10050542    
