# Threadlevel provided:        3 out of        0        1        2        3
  spat_dim , proc_dim, PBC ? 
           1 -Dim Input        14400          24 T
           2 -Dim Input         1200           2 T
           3 -Dim Input          600           1 T
#   0 Process grid  24   2   1
           6           3           2
           7           3           2
           8           3           2
           9           3           2
          10           3           2
          11           3           2
          12           3           2
          13           3           2
          14           3           2
          15           3           2
          16           3           2
          17           3           2
          18           3           2
          19           3           2
          20           3           2
          21           3           2
          22           3           2
          23           3           2
           0           3           2
#   0  Allocated 2 arrays with a total of  3490.68      Mbytes 
           1           3           2
           2           3           2
           3           3           2
           4           3           2
           5           3           2
          24           3           2
          25           3           2
          26           3           2
          27           3           2
          28           3           2
          29           3           2
          30           3           2
          31           3           2
          32           3           2
          33           3           2
          34           3           2
          35           3           2
          36           3           2
          37           3           2
          38           3           2
          39           3           2
          40           3           2
          41           3           2
          42           3           2
          43           3           2
          44           3           2
          45           3           2
          46           3           2
          47           3           2
# StartResidual    0.00000000000    
  4  Maxtime , Mintime + JacobiMi , JacobiMa    2.04187015100        1.98986404200        1.88208818800        1.94446243000       Residual    74089999.9415      MLUPs    5077.69800882    
  4  Maxtime , Mintime + JacobiMi , JacobiMa    1.98634846700        1.98633797200        1.88608348700        1.93369639400       Residual    12333333.3332      MLUPs    5219.62796168    
  4  Maxtime , Mintime + JacobiMi , JacobiMa    1.98723090900        1.98722126200        1.88597156300        1.93459525500       Residual    2626543.20907      MLUPs    5217.31015407    
  4  Maxtime , Mintime + JacobiMi , JacobiMa    1.99080717500        1.99079645200        1.88656310600        1.93839451500       Residual    780349.794049      MLUPs    5207.93783054    
  4  Maxtime , Mintime + JacobiMi , JacobiMa    1.98851187900        1.98849984100        1.88768970500        1.93546892200       Residual    319594.478736      MLUPs    5213.94923988    
  4  Maxtime , Mintime + JacobiMi , JacobiMa    1.98770755500        1.98769639900        1.88744583100        1.93498755700       Residual    164663.166441      MLUPs    5216.05905955    
  4  Maxtime , Mintime + JacobiMi , JacobiMa    1.99310463400        1.99309338300        1.88726911300        1.94067110900       Residual    98012.9931205      MLUPs    5201.93462156    
  4  Maxtime , Mintime + JacobiMi , JacobiMa    1.98834822200        1.98833866900        1.88781398300        1.93581285400       Residual    63999.1651062      MLUPs    5214.37838970    
  4  Maxtime , Mintime + JacobiMi , JacobiMa    1.99026893100        1.99025416100        1.88871740600        1.93744993100       Residual    44537.2903721      MLUPs    5209.34625392    
  4  Maxtime , Mintime + JacobiMi , JacobiMa    2.00386347500        2.00385457500        1.88889548900        1.93667078900       Residual    32474.8375327      MLUPs    5174.00518017    
# Threadlevel provided:        3 out of        0        1        2        3
  spat_dim , proc_dim, PBC ? 
           1 -Dim Input        14400          24 T
           2 -Dim Input         1200           2 T
           3 -Dim Input          600           1 T
#   0 Process grid  24   2   1
           4           3           2
           6           3           2
           8           3           2
          10           3           2
          12           3           2
          14           3           2
          16           3           2
          18           3           2
          20           3           2
          22           3           2
          24           3           2
          26           3           2
          28           3           2
          30           3           2
          32           3           2
          34           3           2
          36           3           2
          38           3           2
          40           3           2
          42           3           2
          44           3           2
          46           3           2
           0           3           2
           2           3           2
#   0  Allocated 2 arrays with a total of  3490.68      Mbytes 
           1           3           2
           3           3           2
           5           3           2
           7           3           2
           9           3           2
          11           3           2
          13           3           2
          15           3           2
          17           3           2
          19           3           2
          21           3           2
          23           3           2
          25           3           2
          27           3           2
          29           3           2
          31           3           2
          33           3           2
          35           3           2
          37           3           2
          39           3           2
          41           3           2
          43           3           2
          45           3           2
          47           3           2
# StartResidual    0.00000000000    
  4  Maxtime , Mintime + JacobiMi , JacobiMa    1.97585989600        1.96778344500        1.88220602600        1.91713420100       Residual    74089999.9415      MLUPs    5247.33561372    
  4  Maxtime , Mintime + JacobiMi , JacobiMa    1.97780073000        1.97779521500        1.88179743900        1.92508749200       Residual    12333333.3332      MLUPs    5242.18635514    
  4  Maxtime , Mintime + JacobiMi , JacobiMa    1.97087043200        1.97086160400        1.88193422000        1.91127387300       Residual    2626543.20907      MLUPs    5260.61979096    
  4  Maxtime , Mintime + JacobiMi , JacobiMa    1.97790989500        1.97790253300        1.88178192900        1.92416361000       Residual    780349.794049      MLUPs    5241.89702787    
  4  Maxtime , Mintime + JacobiMi , JacobiMa    1.97719926600        1.97719418600        1.88197567200        1.92402746300       Residual    319594.478736      MLUPs    5243.78102819    
  4  Maxtime , Mintime + JacobiMi , JacobiMa    1.96985366100        1.96983669600        1.88161206400        1.91637145400       Residual    164663.166441      MLUPs    5263.33514274    
  4  Maxtime , Mintime + JacobiMi , JacobiMa    1.97120369600        1.97119861500        1.88216093700        1.91740769400       Residual    98012.9931205      MLUPs    5259.73039775    
  4  Maxtime , Mintime + JacobiMi , JacobiMa    1.98192177400        1.98191480200        1.88170261400        1.92889368500       Residual    63999.1651062      MLUPs    5231.28618698    
  4  Maxtime , Mintime + JacobiMi , JacobiMa    1.97167274800        1.97166508800        1.88268058600        1.91736090700       Residual    44537.2903721      MLUPs    5258.47913175    
  4  Maxtime , Mintime + JacobiMi , JacobiMa    1.97744139700        1.97743600400        1.88421369000        1.92431167600       Residual    32474.8375327      MLUPs    5243.13894497    
