# Threadlevel provided:        3 out of        0        1        2        3
  spat_dim , proc_dim, PBC ? 
           1 -Dim Input         1800           3 T
           2 -Dim Input         1200           2 T
           3 -Dim Input         1200           2 T
#   0 Process grid   3   2   2
           0           3           2
           2           3           2
           3           3           2
           4           3           2
           5           3           2
           6           3           2
           7           3           2
           8           3           2
           9           3           2
          10           3           2
          11           3           2
#   0  Allocated 2 arrays with a total of  3490.68      Mbytes 
           1           3           2
# StartResidual    0.00000000000    
  4  Maxtime , Mintime + JacobiMi , JacobiMa    1.95781960000        1.95772954700        1.89644447100        1.89877714200       Residual    16023333.3207      MLUPs    1323.92177502    
  4  Maxtime , Mintime + JacobiMi , JacobiMa    1.95443602100        1.95443251400        1.89642640500        1.89850839500       Residual    2666666.66665      MLUPs    1326.21378861    
  4  Maxtime , Mintime + JacobiMi , JacobiMa    1.95441089300        1.95440378300        1.89630329800        1.89848467800       Residual    567901.234394      MLUPs    1326.23083983    
  4  Maxtime , Mintime + JacobiMi , JacobiMa    1.95435289600        1.95434869600        1.89617236700        1.89843850800       Residual    168724.279797      MLUPs    1326.27019680    
  4  Maxtime , Mintime + JacobiMi , JacobiMa    1.95409637700        1.95409117700        1.89592309000        1.89813523700       Residual    69101.5089160      MLUPs    1326.44429953    
  4  Maxtime , Mintime + JacobiMi , JacobiMa    1.95393248100        1.95392500800        1.89583213400        1.89795005500       Residual    35602.8467980      MLUPs    1326.55556177    
  4  Maxtime , Mintime + JacobiMi , JacobiMa    1.95487620700        1.95486788200        1.89681917500        1.89895092100       Residual    21191.9985126      MLUPs    1325.91516062    
  4  Maxtime , Mintime + JacobiMi , JacobiMa    1.95452134300        1.95451152300        1.89637733100        1.89852843400       Residual    13837.6573202      MLUPs    1326.15589453    
  4  Maxtime , Mintime + JacobiMi , JacobiMa    1.95570296200        1.95569962400        1.89756359500        1.89978001400       Residual    9629.68440473      MLUPs    1325.35464248    
  4  Maxtime , Mintime + JacobiMi , JacobiMa    1.95517681300        1.95516639200        1.89687472500        1.89923114300       Residual    7021.58649346      MLUPs    1325.71130282    
# Threadlevel provided:        3 out of        0        1        2        3
  spat_dim , proc_dim, PBC ? 
           1 -Dim Input         1800           3 T
           2 -Dim Input         1200           2 T
           3 -Dim Input         1200           2 T
#   0 Process grid   3   2   2
           0           3           2
           2           3           2
           4           3           2
           6           3           2
           8           3           2
          10           3           2
#   0  Allocated 2 arrays with a total of  3490.68      Mbytes 
           1           3           2
           3           3           2
           5           3           2
           7           3           2
           9           3           2
          11           3           2
# StartResidual    0.00000000000    
  4  Maxtime , Mintime + JacobiMi , JacobiMa    1.94029559200        1.94023537700        1.88157213400        1.88853359000       Residual    16023333.3207      MLUPs    1335.87893035    
  4  Maxtime , Mintime + JacobiMi , JacobiMa    1.93809123000        1.93808915900        1.88156353500        1.88866371000       Residual    2666666.66665      MLUPs    1337.39834321    
  4  Maxtime , Mintime + JacobiMi , JacobiMa    1.93828933700        1.93828693300        1.88153751800        1.88854192200       Residual    567901.234394      MLUPs    1337.26165156    
  4  Maxtime , Mintime + JacobiMi , JacobiMa    1.93804974700        1.93804568300        1.88159701500        1.88860486300       Residual    168724.279797      MLUPs    1337.42696957    
  4  Maxtime , Mintime + JacobiMi , JacobiMa    1.93803044300        1.93802676300        1.88156526900        1.88861851700       Residual    69101.5089160      MLUPs    1337.44029118    
  4  Maxtime , Mintime + JacobiMi , JacobiMa    1.93806319100        1.93805928800        1.88149425300        1.88863499400       Residual    35602.8467980      MLUPs    1337.41769207    
  4  Maxtime , Mintime + JacobiMi , JacobiMa    1.93791392500        1.93791012000        1.88136933300        1.88843542400       Residual    21191.9985126      MLUPs    1337.52070542    
  4  Maxtime , Mintime + JacobiMi , JacobiMa    1.93817690300        1.93817354500        1.88159164800        1.88869781500       Residual    13837.6573202      MLUPs    1337.33922636    
  4  Maxtime , Mintime + JacobiMi , JacobiMa    1.93796630900        1.93796358000        1.88147293900        1.88844411200       Residual    9629.68440473      MLUPs    1337.48455170    
  4  Maxtime , Mintime + JacobiMi , JacobiMa    1.93805798300        1.93805464800        1.88162176500        1.88857037500       Residual    7021.58649346      MLUPs    1337.42128602    
