# Threadlevel provided:        3 out of        0        1        2        3
  spat_dim , proc_dim, PBC ? 
           1 -Dim Input        28800          48 T
           2 -Dim Input          600           1 T
           3 -Dim Input          600           1 T
#   0 Process grid  48   1   1
           7           3           2
           8           3           2
           9           3           2
          10           3           2
          11           3           2
          12           3           2
          13           3           2
          14           3           2
          15           3           2
          16           3           2
          17           3           2
          18           3           2
          19           3           2
          20           3           2
          21           3           2
          22           3           2
          23           3           2
           0           3           2
#   0  Allocated 2 arrays with a total of  3490.68      Mbytes 
           1           3           2
           2           3           2
           3           3           2
           4           3           2
           5           3           2
           6           3           2
          24           3           2
          25           3           2
          26           3           2
          27           3           2
          28           3           2
          29           3           2
          30           3           2
          31           3           2
          32           3           2
          33           3           2
          34           3           2
          35           3           2
          36           3           2
          37           3           2
          38           3           2
          39           3           2
          40           3           2
          41           3           2
          42           3           2
          43           3           2
          44           3           2
          45           3           2
          46           3           2
          47           3           2
# StartResidual    0.00000000000    
  4  Maxtime , Mintime + JacobiMi , JacobiMa    2.06361696300        1.96313726900        1.88241108700        1.92700043600       Residual    97166666.5904      MLUPs    5024.18820251    
  4  Maxtime , Mintime + JacobiMi , JacobiMa    1.98238070500        1.98207504200        1.88733426200        1.92888320600       Residual    16166666.6666      MLUPs    5230.07511819    
  4  Maxtime , Mintime + JacobiMi , JacobiMa    1.98973879100        1.98972593600        1.89082735700        1.93841006400       Residual    3442901.23349      MLUPs    5210.73421642    
  4  Maxtime , Mintime + JacobiMi , JacobiMa    1.98036043300        1.98034691200        1.88517112400        1.92950598100       Residual    1022890.94626      MLUPs    5235.41059861    
  4  Maxtime , Mintime + JacobiMi , JacobiMa    1.98051759100        1.98050897100        1.88547596700        1.92919723700       Residual    418927.897809      MLUPs    5234.99515839    
  4  Maxtime , Mintime + JacobiMi , JacobiMa    1.98071723300        1.98070863100        1.88568860700        1.93005745400       Residual    215842.258718      MLUPs    5234.46750867    
  4  Maxtime , Mintime + JacobiMi , JacobiMa    1.98206268700        1.98205210400        1.88699724300        1.93070076700       Residual    128476.490984      MLUPs    5230.91427330    
  4  Maxtime , Mintime + JacobiMi , JacobiMa    1.98241093300        1.98240072500        1.88647466000        1.93119881500       Residual    83890.7975040      MLUPs    5229.99536948    
  4  Maxtime , Mintime + JacobiMi , JacobiMa    1.98666714500        1.98666125900        1.88708345500        1.93560130000       Residual    58379.9617010      MLUPs    5218.79068977    
  4  Maxtime , Mintime + JacobiMi , JacobiMa    1.98320635000        1.98319714800        1.88705394000        1.93156147300       Residual    42568.3681188      MLUPs    5227.89774246    
# Threadlevel provided:        3 out of        0        1        2        3
  spat_dim , proc_dim, PBC ? 
           1 -Dim Input        28800          48 T
           2 -Dim Input          600           1 T
           3 -Dim Input          600           1 T
#   0 Process grid  48   1   1
          10           3           2
          12           3           2
          14           3           2
          16           3           2
          18           3           2
          20           3           2
          22           3           2
          24           3           2
          26           3           2
          28           3           2
          30           3           2
          32           3           2
          34           3           2
          36           3           2
          38           3           2
          40           3           2
          42           3           2
          44           3           2
          46           3           2
           0           3           2
           2           3           2
           4           3           2
           6           3           2
           8           3           2
#   0  Allocated 2 arrays with a total of  3490.68      Mbytes 
           1           3           2
           3           3           2
           5           3           2
           7           3           2
           9           3           2
          11           3           2
          13           3           2
          15           3           2
          17           3           2
          19           3           2
          21           3           2
          23           3           2
          25           3           2
          27           3           2
          29           3           2
          31           3           2
          33           3           2
          35           3           2
          37           3           2
          39           3           2
          41           3           2
          43           3           2
          45           3           2
          47           3           2
# StartResidual    0.00000000000    
  4  Maxtime , Mintime + JacobiMi , JacobiMa    1.97199706000        1.97192785100        1.88268407300        1.91786806400       Residual    97166666.5904      MLUPs    5257.61432930    
  4  Maxtime , Mintime + JacobiMi , JacobiMa    1.99642281200        1.99638747100        1.88448869600        1.93720906700       Residual    16166666.6666      MLUPs    5193.28868498    
  4  Maxtime , Mintime + JacobiMi , JacobiMa    2.00133626700        2.00132744300        1.89207590200        1.95244391300       Residual    3442901.23349      MLUPs    5180.53870854    
  4  Maxtime , Mintime + JacobiMi , JacobiMa    1.97743281200        1.97742649300        1.88233806800        1.92640809500       Residual    1022890.94626      MLUPs    5243.16170799    
  4  Maxtime , Mintime + JacobiMi , JacobiMa    1.98053948000        1.98053447900        1.88251962800        1.93015268000       Residual    418927.897809      MLUPs    5234.93730102    
  4  Maxtime , Mintime + JacobiMi , JacobiMa    1.97391068600        1.97390586600        1.88274167000        1.92231058000       Residual    215842.258718      MLUPs    5252.51728639    
  4  Maxtime , Mintime + JacobiMi , JacobiMa    1.97597717500        1.97597029800        1.88261261400        1.92478140800       Residual    128476.490984      MLUPs    5247.02417172    
  4  Maxtime , Mintime + JacobiMi , JacobiMa    1.97232978900        1.97232307900        1.88256786100        1.92118743500       Residual    83890.7975040      MLUPs    5256.72737786    
  4  Maxtime , Mintime + JacobiMi , JacobiMa    1.98553812100        1.98552932300        1.88322199300        1.93609365500       Residual    58379.9617010      MLUPs    5221.75821776    
  4  Maxtime , Mintime + JacobiMi , JacobiMa    1.98686597900        1.98686274600        1.88247452700        1.93750176800       Residual    42568.3681188      MLUPs    5218.26842353    
