# Threadlevel provided:        3 out of        0        1        2        3
  spat_dim , proc_dim, PBC ? 
           1 -Dim Input         3600           6 T
           2 -Dim Input         2400           4 T
           3 -Dim Input         1200           2 T
#   0 Process grid   6   4   2
          13           3           2
          14           3           2
          15           3           2
          16           3           2
          17           3           2
          18           3           2
          19           3           2
          20           3           2
          21           3           2
          22           3           2
          23           3           2
           0           3           2
#   0  Allocated 2 arrays with a total of  3490.68      Mbytes 
           1           3           2
           2           3           2
           3           3           2
           4           3           2
           5           3           2
           6           3           2
           7           3           2
           8           3           2
           9           3           2
          10           3           2
          11           3           2
          12           3           2
          25           3           2
          26           3           2
          27           3           2
          29           3           2
          31           3           2
          35           3           2
          36           3           2
          37           3           2
          38           3           2
          39           3           2
          40           3           2
          41           3           2
          42           3           2
          43           3           2
          44           3           2
          46           3           2
          47           3           2
          24           3           2
          30           3           2
          32           3           2
          33           3           2
          34           3           2
          45           3           2
          28           3           2
# StartResidual    0.00000000000    
  4  Maxtime , Mintime + JacobiMi , JacobiMa    2.02012391500        1.97289258400        1.88376966500        1.91824631000       Residual    44039999.9650      MLUPs    5132.35842763    
  4  Maxtime , Mintime + JacobiMi , JacobiMa    1.97293468500        1.97292591000        1.88730541100        1.91720294400       Residual    7333333.33329      MLUPs    5255.11568063    
  4  Maxtime , Mintime + JacobiMi , JacobiMa    1.97314780800        1.97313481900        1.88715038500        1.91777459400       Residual    1561728.39458      MLUPs    5254.54806678    
  4  Maxtime , Mintime + JacobiMi , JacobiMa    1.97728818100        1.97727616100        1.88725227900        1.92174401700       Residual    463991.769434      MLUPs    5243.54522503    
  4  Maxtime , Mintime + JacobiMi , JacobiMa    1.97367154700        1.97365759400        1.88793150600        1.91774773200       Residual    190029.149518      MLUPs    5253.15370521    
  4  Maxtime , Mintime + JacobiMi , JacobiMa    1.97347988700        1.97345968600        1.88754379100        1.91781280400       Residual    97907.8286944      MLUPs    5253.66387988    
  4  Maxtime , Mintime + JacobiMi , JacobiMa    1.99100226600        1.99099284400        1.89020873500        1.93735423800       Residual    58277.9959096      MLUPs    5207.42752384    
  4  Maxtime , Mintime + JacobiMi , JacobiMa    1.97510387000        1.97509570100        1.88846160800        1.91939988600       Residual    38053.5576307      MLUPs    5249.34417753    
  4  Maxtime , Mintime + JacobiMi , JacobiMa    1.99142874500        1.99141968200        1.88940022900        1.93724414100       Residual    26481.6321129      MLUPs    5206.31231523    
  4  Maxtime , Mintime + JacobiMi , JacobiMa    1.97578007700        1.97576943400        1.88835490500        1.92000251600       Residual    19309.3628569      MLUPs    5247.54759940    
# Threadlevel provided:        3 out of        0        1        2        3
  spat_dim , proc_dim, PBC ? 
           1 -Dim Input         3600           6 T
           2 -Dim Input         2400           4 T
           3 -Dim Input         1200           2 T
#   0 Process grid   6   4   2
          16           3           2
          18           3           2
          20           3           2
          26           3           2
          28           3           2
          30           3           2
          32           3           2
          34           3           2
          36           3           2
          38           3           2
          40           3           2
          42           3           2
          44           3           2
          46           3           2
           0           3           2
#   0  Allocated 2 arrays with a total of  3490.68      Mbytes 
           2           3           2
           4           3           2
           6           3           2
           8           3           2
          10           3           2
          12           3           2
          14           3           2
          22           3           2
          24           3           2
           1           3           2
           3           3           2
           5           3           2
           7           3           2
           9           3           2
          11           3           2
          13           3           2
          15           3           2
          17           3           2
          19           3           2
          21           3           2
          23           3           2
          25           3           2
          27           3           2
          29           3           2
          31           3           2
          33           3           2
          35           3           2
          37           3           2
          39           3           2
          41           3           2
          43           3           2
          45           3           2
          47           3           2
# StartResidual    0.00000000000    
  4  Maxtime , Mintime + JacobiMi , JacobiMa    1.98991401200        1.98871731000        1.88416295300        1.92938565500       Residual    44039999.9650      MLUPs    5210.27538752    
  4  Maxtime , Mintime + JacobiMi , JacobiMa    1.98514909600        1.98493073800        1.88758952100        1.92540987800       Residual    7333333.33329      MLUPs    5222.78151343    
  4  Maxtime , Mintime + JacobiMi , JacobiMa    1.97789925400        1.97789469200        1.88753780000        1.91932078700       Residual    1561728.39458      MLUPs    5241.92522902    
  4  Maxtime , Mintime + JacobiMi , JacobiMa    1.98385182000        1.98384786500        1.88732965100        1.92526271000       Residual    463991.769434      MLUPs    5226.19678319    
  4  Maxtime , Mintime + JacobiMi , JacobiMa    1.97876343700        1.97875518700        1.88787509200        1.91962340300       Residual    190029.149518      MLUPs    5239.63592925    
  4  Maxtime , Mintime + JacobiMi , JacobiMa    1.98240391700        1.98239690600        1.88801307300        1.92088717200       Residual    97907.8286944      MLUPs    5230.01387915    
  4  Maxtime , Mintime + JacobiMi , JacobiMa    1.97913028400        1.97912568900        1.88796939500        1.92057859000       Residual    58277.9959096      MLUPs    5238.66472249    
  4  Maxtime , Mintime + JacobiMi , JacobiMa    1.97933832700        1.97933473600        1.88767932000        1.92033541600       Residual    38053.5576307      MLUPs    5238.11410034    
  4  Maxtime , Mintime + JacobiMi , JacobiMa    1.98399971900        1.98399646000        1.88759037500        1.92503037600       Residual    26481.6321129      MLUPs    5225.80719176    
  4  Maxtime , Mintime + JacobiMi , JacobiMa    1.97887618300        1.97886598700        1.88804686800        1.91972578400       Residual    19309.3628569      MLUPs    5239.33740224    
