# Threadlevel provided:        3 out of        0        1        2        3
  spat_dim , proc_dim, PBC ? 
           1 -Dim Input         4800           8 T
           2 -Dim Input         3600           6 T
           3 -Dim Input          600           1 T
#   0 Process grid   8   6   1
           5           3           2
           6           3           2
           7           3           2
           8           3           2
           9           3           2
          10           3           2
          11           3           2
          12           3           2
          13           3           2
          14           3           2
          15           3           2
          16           3           2
          17           3           2
          18           3           2
          19           3           2
          20           3           2
          21           3           2
          22           3           2
          23           3           2
           0           3           2
#   0  Allocated 2 arrays with a total of  3490.68      Mbytes 
           1           3           2
           2           3           2
           3           3           2
           4           3           2
          25           3           2
          28           3           2
          29           3           2
          30           3           2
          31           3           2
          32           3           2
          33           3           2
          36           3           2
          37           3           2
          38           3           2
          40           3           2
          41           3           2
          42           3           2
          43           3           2
          44           3           2
          45           3           2
          46           3           2
          47           3           2
          24           3           2
          26           3           2
          27           3           2
          35           3           2
          39           3           2
          34           3           2
# StartResidual    0.00000000000    
  4  Maxtime , Mintime + JacobiMi , JacobiMa    2.02849505700        1.97653026800        1.88346788100        1.92161572000       Residual    62049999.9507      MLUPs    5111.17834092    
  4  Maxtime , Mintime + JacobiMi , JacobiMa    1.97255023900        1.97253772600        1.88601791000        1.91937505100       Residual    10333333.3333      MLUPs    5256.13989191    
  4  Maxtime , Mintime + JacobiMi , JacobiMa    1.97271561500        1.97269901400        1.88540525700        1.91966442500       Residual    2200617.28328      MLUPs    5255.69926104    
  4  Maxtime , Mintime + JacobiMi , JacobiMa    1.98517018500        1.98515540600        1.88688500200        1.93354415900       Residual    653806.584203      MLUPs    5222.72603041    
  4  Maxtime , Mintime + JacobiMi , JacobiMa    1.97244369400        1.97243135600        1.88610161500        1.91940156400       Residual    267768.347048      MLUPs    5256.42381151    
  4  Maxtime , Mintime + JacobiMi , JacobiMa    1.97166465200        1.97165770100        1.88573466300        1.91803426400       Residual    137961.031342      MLUPs    5258.50072399    
  4  Maxtime , Mintime + JacobiMi , JacobiMa    1.97309299000        1.97307996800        1.88685109000        1.91930466700       Residual    82118.9942360      MLUPs    5254.69405271    
  4  Maxtime , Mintime + JacobiMi , JacobiMa    1.97154586600        1.97153593600        1.88703519900        1.91797599500       Residual    53620.9221160      MLUPs    5258.81754962    
  4  Maxtime , Mintime + JacobiMi , JacobiMa    1.97208697300        1.97206647700        1.88824397500        1.91852413200       Residual    37315.0270683      MLUPs    5257.37461986    
  4  Maxtime , Mintime + JacobiMi , JacobiMa    1.97457911300        1.97456667100        1.88760915600        1.92207741400       Residual    27208.6476621      MLUPs    5250.73922424    
# Threadlevel provided:        3 out of        0        1        2        3
  spat_dim , proc_dim, PBC ? 
           1 -Dim Input         4800           8 T
           2 -Dim Input         3600           6 T
           3 -Dim Input          600           1 T
#   0 Process grid   8   6   1
          12           3           2
          14           3           2
          16           3           2
          18           3           2
          20           3           2
          22           3           2
          24           3           2
          26           3           2
          28           3           2
          30           3           2
          32           3           2
          34           3           2
          36           3           2
          38           3           2
          40           3           2
          42           3           2
          44           3           2
          46           3           2
           0           3           2
#   0  Allocated 2 arrays with a total of  3490.68      Mbytes 
           2           3           2
           4           3           2
           6           3           2
           8           3           2
          10           3           2
           1           3           2
           3           3           2
           5           3           2
           7           3           2
           9           3           2
          11           3           2
          13           3           2
          15           3           2
          17           3           2
          19           3           2
          21           3           2
          23           3           2
          25           3           2
          27           3           2
          31           3           2
          33           3           2
          35           3           2
          37           3           2
          39           3           2
          41           3           2
          43           3           2
          45           3           2
          47           3           2
          29           3           2
# StartResidual    0.00000000000    
  4  Maxtime , Mintime + JacobiMi , JacobiMa    2.00732595600        2.00725206100        1.88281821300        1.92852348700       Residual    62049999.9507      MLUPs    5165.08042404    
  4  Maxtime , Mintime + JacobiMi , JacobiMa    1.97230461900        1.97210250900        1.88631510700        1.91759808300       Residual    10333333.3333      MLUPs    5256.79446274    
  4  Maxtime , Mintime + JacobiMi , JacobiMa    1.97829446700        1.97828641100        1.88654257300        1.91712996900       Residual    2200617.28328      MLUPs    5240.87802547    
  4  Maxtime , Mintime + JacobiMi , JacobiMa    1.97310672400        1.97310065800        1.88678967500        1.91828351900       Residual    653806.584203      MLUPs    5254.65747691    
  4  Maxtime , Mintime + JacobiMi , JacobiMa    1.97310885800        1.97310300500        1.88746975600        1.91762374000       Residual    267768.347048      MLUPs    5254.65179377    
  4  Maxtime , Mintime + JacobiMi , JacobiMa    1.97240062400        1.97239310800        1.88743684200        1.91715351700       Residual    137961.031342      MLUPs    5256.53859254    
  4  Maxtime , Mintime + JacobiMi , JacobiMa    1.97268972300        1.97268677800        1.88809576800        1.91759936100       Residual    82118.9942360      MLUPs    5255.76824329    
  4  Maxtime , Mintime + JacobiMi , JacobiMa    1.97324357600        1.97323661900        1.88764338600        1.91805080600       Residual    53620.9221160      MLUPs    5254.29304628    
  4  Maxtime , Mintime + JacobiMi , JacobiMa    1.97309395000        1.97308732800        1.88833997600        1.91796322100       Residual    37315.0270683      MLUPs    5254.69149606    
  4  Maxtime , Mintime + JacobiMi , JacobiMa    1.97266211900        1.97265366400        1.88799720300        1.91721843700       Residual    27208.6476621      MLUPs    5255.84178869    
